<?xml version="1.0" encoding="UTF-8" standalone="yes"?><!DOCTYPE report PUBLIC "-//JACOCO//DTD Report 1.1//EN" "report.dtd"><report name="Poker Helper - Probability Service"><sessioninfo id="archito-6f176f44" start="1752832708490" dump="1752832712991"/><sessioninfo id="archito-ee233b9d" start="1752833498867" dump="1752833503427"/><package name="com/app/service/domain/ports/input"><class name="com/app/service/domain/ports/input/CardsUseCases" sourcefilename="CardsUseCases.java"/><sourcefile name="CardsUseCases.java"/></package><package name="com/pokerhelper/domain/model"><class name="com/pokerhelper/domain/model/Card" sourcefilename="Card.java"><method name="&lt;init&gt;" desc="(CI)V" line="13"><counter type="INSTRUCTION" missed="14" covered="0"/><counter type="BRANCH" missed="2" covered="0"/><counter type="LINE" missed="4" covered="0"/><counter type="COMPLEXITY" missed="2" covered="0"/><counter type="METHOD" missed="1" covered="0"/></method><method name="getSuit" desc="()C" line="20"><counter type="INSTRUCTION" missed="3" covered="0"/><counter type="LINE" missed="1" covered="0"/><counter type="COMPLEXITY" missed="1" covered="0"/><counter type="METHOD" missed="1" covered="0"/></method><method name="getRank" desc="()I" line="24"><counter type="INSTRUCTION" missed="3" covered="0"/><counter type="LINE" missed="1" covered="0"/><counter type="COMPLEXITY" missed="1" covered="0"/><counter type="METHOD" missed="1" covered="0"/></method><method name="isHigherThan" desc="(Lcom/pokerhelper/domain/model/Card;)Z" line="31"><counter type="INSTRUCTION" missed="9" covered="0"/><counter type="BRANCH" missed="2" covered="0"/><counter type="LINE" missed="1" covered="0"/><counter type="COMPLEXITY" missed="2" covered="0"/><counter type="METHOD" missed="1" covered="0"/></method><method name="sameSuitAs" desc="(Lcom/pokerhelper/domain/model/Card;)Z" line="38"><counter type="INSTRUCTION" missed="9" covered="0"/><counter type="BRANCH" missed="2" covered="0"/><counter type="LINE" missed="1" covered="0"/><counter type="COMPLEXITY" missed="2" covered="0"/><counter type="METHOD" missed="1" covered="0"/></method><method name="sameRankAs" desc="(Lcom/pokerhelper/domain/model/Card;)Z" line="45"><counter type="INSTRUCTION" missed="9" covered="0"/><counter type="BRANCH" missed="2" covered="0"/><counter type="LINE" missed="1" covered="0"/><counter type="COMPLEXITY" missed="2" covered="0"/><counter type="METHOD" missed="1" covered="0"/></method><method name="canFormStraightWith" desc="(Lcom/pokerhelper/domain/model/Card;)Z" line="52"><counter type="INSTRUCTION" missed="12" covered="0"/><counter type="BRANCH" missed="2" covered="0"/><counter type="LINE" missed="1" covered="0"/><counter type="COMPLEXITY" missed="2" covered="0"/><counter type="METHOD" missed="1" covered="0"/></method><method name="equals" desc="(Ljava/lang/Object;)Z" line="57"><counter type="INSTRUCTION" missed="31" covered="0"/><counter type="BRANCH" missed="10" covered="0"/><counter type="LINE" missed="4" covered="0"/><counter type="COMPLEXITY" missed="6" covered="0"/><counter type="METHOD" missed="1" covered="0"/></method><method name="hashCode" desc="()I" line="65"><counter type="INSTRUCTION" missed="16" covered="0"/><counter type="LINE" missed="1" covered="0"/><counter type="COMPLEXITY" missed="1" covered="0"/><counter type="METHOD" missed="1" covered="0"/></method><method name="toString" desc="()Ljava/lang/String;" line="70"><counter type="INSTRUCTION" missed="6" covered="0"/><counter type="LINE" missed="1" covered="0"/><counter type="COMPLEXITY" missed="1" covered="0"/><counter type="METHOD" missed="1" covered="0"/></method><counter type="INSTRUCTION" missed="112" covered="0"/><counter type="BRANCH" missed="20" covered="0"/><counter type="LINE" missed="16" covered="0"/><counter type="COMPLEXITY" missed="20" covered="0"/><counter type="METHOD" missed="10" covered="0"/><counter type="CLASS" missed="1" covered="0"/></class><class name="com/pokerhelper/domain/model/Decision" sourcefilename="Decision.java"><method name="&lt;init&gt;" desc="(II)V" line="19"><counter type="INSTRUCTION" missed="14" covered="0"/><counter type="LINE" missed="5" covered="0"/><counter type="COMPLEXITY" missed="1" covered="0"/><counter type="METHOD" missed="1" covered="0"/></method><method name="getAction" desc="()I" line="26"><counter type="INSTRUCTION" missed="3" covered="0"/><counter type="LINE" missed="1" covered="0"/><counter type="COMPLEXITY" missed="1" covered="0"/><counter type="METHOD" missed="1" covered="0"/></method><method name="getBetAmount" desc="()I" line="30"><counter type="INSTRUCTION" missed="3" covered="0"/><counter type="LINE" missed="1" covered="0"/><counter type="COMPLEXITY" missed="1" covered="0"/><counter type="METHOD" missed="1" covered="0"/></method><method name="getDescription" desc="()Ljava/lang/String;" line="34"><counter type="INSTRUCTION" missed="3" covered="0"/><counter type="LINE" missed="1" covered="0"/><counter type="COMPLEXITY" missed="1" covered="0"/><counter type="METHOD" missed="1" covered="0"/></method><method name="getActionName" desc="()Ljava/lang/String;" line="38"><counter type="INSTRUCTION" missed="17" covered="0"/><counter type="BRANCH" missed="7" covered="0"/><counter type="LINE" missed="8" covered="0"/><counter type="COMPLEXITY" missed="7" covered="0"/><counter type="METHOD" missed="1" covered="0"/></method><method name="getActionDescription" desc="(I)Ljava/lang/String;" line="50"><counter type="INSTRUCTION" missed="16" covered="0"/><counter type="BRANCH" missed="7" covered="0"/><counter type="LINE" missed="8" covered="0"/><counter type="COMPLEXITY" missed="7" covered="0"/><counter type="METHOD" missed="1" covered="0"/></method><method name="toString" desc="()Ljava/lang/String;" line="63"><counter type="INSTRUCTION" missed="8" covered="0"/><counter type="LINE" missed="2" covered="0"/><counter type="COMPLEXITY" missed="1" covered="0"/><counter type="METHOD" missed="1" covered="0"/></method><counter type="INSTRUCTION" missed="64" covered="0"/><counter type="BRANCH" missed="14" covered="0"/><counter type="LINE" missed="26" covered="0"/><counter type="COMPLEXITY" missed="19" covered="0"/><counter type="METHOD" missed="7" covered="0"/><counter type="CLASS" missed="1" covered="0"/></class><class name="com/pokerhelper/domain/model/PokerProbabilities$PlayerProbabilities" sourcefilename="PokerProbabilities.java"><method name="&lt;init&gt;" desc="(DDDDDDDD)V" line="44"><counter type="INSTRUCTION" missed="27" covered="0"/><counter type="LINE" missed="10" covered="0"/><counter type="COMPLEXITY" missed="1" covered="0"/><counter type="METHOD" missed="1" covered="0"/></method><method name="getPair" desc="()D" line="55"><counter type="INSTRUCTION" missed="3" covered="0"/><counter type="LINE" missed="1" covered="0"/><counter type="COMPLEXITY" missed="1" covered="0"/><counter type="METHOD" missed="1" covered="0"/></method><method name="getThreeOfAKind" desc="()D" line="56"><counter type="INSTRUCTION" missed="3" covered="0"/><counter type="LINE" missed="1" covered="0"/><counter type="COMPLEXITY" missed="1" covered="0"/><counter type="METHOD" missed="1" covered="0"/></method><method name="getStraight" desc="()D" line="57"><counter type="INSTRUCTION" missed="3" covered="0"/><counter type="LINE" missed="1" covered="0"/><counter type="COMPLEXITY" missed="1" covered="0"/><counter type="METHOD" missed="1" covered="0"/></method><method name="getFlush" desc="()D" line="58"><counter type="INSTRUCTION" missed="3" covered="0"/><counter type="LINE" missed="1" covered="0"/><counter type="COMPLEXITY" missed="1" covered="0"/><counter type="METHOD" missed="1" covered="0"/></method><method name="getFullHouse" desc="()D" line="59"><counter type="INSTRUCTION" missed="3" covered="0"/><counter type="LINE" missed="1" covered="0"/><counter type="COMPLEXITY" missed="1" covered="0"/><counter type="METHOD" missed="1" covered="0"/></method><method name="getFourOfAKind" desc="()D" line="60"><counter type="INSTRUCTION" missed="3" covered="0"/><counter type="LINE" missed="1" covered="0"/><counter type="COMPLEXITY" missed="1" covered="0"/><counter type="METHOD" missed="1" covered="0"/></method><method name="getStraightFlush" desc="()D" line="61"><counter type="INSTRUCTION" missed="3" covered="0"/><counter type="LINE" missed="1" covered="0"/><counter type="COMPLEXITY" missed="1" covered="0"/><counter type="METHOD" missed="1" covered="0"/></method><method name="getRoyalFlush" desc="()D" line="62"><counter type="INSTRUCTION" missed="3" covered="0"/><counter type="LINE" missed="1" covered="0"/><counter type="COMPLEXITY" missed="1" covered="0"/><counter type="METHOD" missed="1" covered="0"/></method><counter type="INSTRUCTION" missed="51" covered="0"/><counter type="LINE" missed="18" covered="0"/><counter type="COMPLEXITY" missed="9" covered="0"/><counter type="METHOD" missed="9" covered="0"/><counter type="CLASS" missed="1" covered="0"/></class><class name="com/pokerhelper/domain/model/PokerProbabilities" sourcefilename="PokerProbabilities.java"><method name="&lt;init&gt;" desc="(Lcom/pokerhelper/domain/model/PokerProbabilities$PlayerProbabilities;Lcom/pokerhelper/domain/model/PokerProbabilities$PlayerProbabilities;Lcom/pokerhelper/domain/model/Decision;)V" line="14"><counter type="INSTRUCTION" missed="12" covered="0"/><counter type="LINE" missed="5" covered="0"/><counter type="COMPLEXITY" missed="1" covered="0"/><counter type="METHOD" missed="1" covered="0"/></method><method name="getPlayerProbabilities" desc="()Lcom/pokerhelper/domain/model/PokerProbabilities$PlayerProbabilities;" line="21"><counter type="INSTRUCTION" missed="3" covered="0"/><counter type="LINE" missed="1" covered="0"/><counter type="COMPLEXITY" missed="1" covered="0"/><counter type="METHOD" missed="1" covered="0"/></method><method name="getOpponentProbabilities" desc="()Lcom/pokerhelper/domain/model/PokerProbabilities$PlayerProbabilities;" line="25"><counter type="INSTRUCTION" missed="3" covered="0"/><counter type="LINE" missed="1" covered="0"/><counter type="COMPLEXITY" missed="1" covered="0"/><counter type="METHOD" missed="1" covered="0"/></method><method name="getDecision" desc="()Lcom/pokerhelper/domain/model/Decision;" line="29"><counter type="INSTRUCTION" missed="3" covered="0"/><counter type="LINE" missed="1" covered="0"/><counter type="COMPLEXITY" missed="1" covered="0"/><counter type="METHOD" missed="1" covered="0"/></method><counter type="INSTRUCTION" missed="21" covered="0"/><counter type="LINE" missed="8" covered="0"/><counter type="COMPLEXITY" missed="4" covered="0"/><counter type="METHOD" missed="4" covered="0"/><counter type="CLASS" missed="1" covered="0"/></class><sourcefile name="Card.java"><line nr="13" mi="2" ci="0" mb="0" cb="0"/><line nr="14" mi="3" ci="0" mb="0" cb="0"/><line nr="16" mi="8" ci="0" mb="2" cb="0"/><line nr="17" mi="1" ci="0" mb="0" cb="0"/><line nr="20" mi="3" ci="0" mb="0" cb="0"/><line nr="24" mi="3" ci="0" mb="0" cb="0"/><line nr="31" mi="9" ci="0" mb="2" cb="0"/><line nr="38" mi="9" ci="0" mb="2" cb="0"/><line nr="45" mi="9" ci="0" mb="2" cb="0"/><line nr="52" mi="12" ci="0" mb="2" cb="0"/><line nr="57" mi="5" ci="0" mb="2" cb="0"/><line nr="58" mi="9" ci="0" mb="4" cb="0"/><line nr="59" mi="3" ci="0" mb="0" cb="0"/><line nr="60" mi="14" ci="0" mb="4" cb="0"/><line nr="65" mi="16" ci="0" mb="0" cb="0"/><line nr="70" mi="6" ci="0" mb="0" cb="0"/><counter type="INSTRUCTION" missed="112" covered="0"/><counter type="BRANCH" missed="20" covered="0"/><counter type="LINE" missed="16" covered="0"/><counter type="COMPLEXITY" missed="20" covered="0"/><counter type="METHOD" missed="10" covered="0"/><counter type="CLASS" missed="1" covered="0"/></sourcefile><sourcefile name="Decision.java"><line nr="19" mi="2" ci="0" mb="0" cb="0"/><line nr="20" mi="3" ci="0" mb="0" cb="0"/><line nr="21" mi="3" ci="0" mb="0" cb="0"/><line nr="22" mi="5" ci="0" mb="0" cb="0"/><line nr="23" mi="1" ci="0" mb="0" cb="0"/><line nr="26" mi="3" ci="0" mb="0" cb="0"/><line nr="30" mi="3" ci="0" mb="0" cb="0"/><line nr="34" mi="3" ci="0" mb="0" cb="0"/><line nr="38" mi="4" ci="0" mb="7" cb="0"/><line nr="39" mi="2" ci="0" mb="0" cb="0"/><line nr="40" mi="2" ci="0" mb="0" cb="0"/><line nr="41" mi="2" ci="0" mb="0" cb="0"/><line nr="42" mi="2" ci="0" mb="0" cb="0"/><line nr="43" mi="2" ci="0" mb="0" cb="0"/><line nr="44" mi="2" ci="0" mb="0" cb="0"/><line nr="45" mi="1" ci="0" mb="0" cb="0"/><line nr="50" mi="3" ci="0" mb="7" cb="0"/><line nr="51" mi="2" ci="0" mb="0" cb="0"/><line nr="52" mi="2" ci="0" mb="0" cb="0"/><line nr="53" mi="2" ci="0" mb="0" cb="0"/><line nr="54" mi="2" ci="0" mb="0" cb="0"/><line nr="55" mi="2" ci="0" mb="0" cb="0"/><line nr="56" mi="2" ci="0" mb="0" cb="0"/><line nr="57" mi="1" ci="0" mb="0" cb="0"/><line nr="63" mi="2" ci="0" mb="0" cb="0"/><line nr="64" mi="6" ci="0" mb="0" cb="0"/><counter type="INSTRUCTION" missed="64" covered="0"/><counter type="BRANCH" missed="14" covered="0"/><counter type="LINE" missed="26" covered="0"/><counter type="COMPLEXITY" missed="19" covered="0"/><counter type="METHOD" missed="7" covered="0"/><counter type="CLASS" missed="1" covered="0"/></sourcefile><sourcefile name="PokerProbabilities.java"><line nr="14" mi="2" ci="0" mb="0" cb="0"/><line nr="15" mi="3" ci="0" mb="0" cb="0"/><line nr="16" mi="3" ci="0" mb="0" cb="0"/><line nr="17" mi="3" ci="0" mb="0" cb="0"/><line nr="18" mi="1" ci="0" mb="0" cb="0"/><line nr="21" mi="3" ci="0" mb="0" cb="0"/><line nr="25" mi="3" ci="0" mb="0" cb="0"/><line nr="29" mi="3" ci="0" mb="0" cb="0"/><line nr="44" mi="2" ci="0" mb="0" cb="0"/><line nr="45" mi="3" ci="0" mb="0" cb="0"/><line nr="46" mi="3" ci="0" mb="0" cb="0"/><line nr="47" mi="3" ci="0" mb="0" cb="0"/><line nr="48" mi="3" ci="0" mb="0" cb="0"/><line nr="49" mi="3" ci="0" mb="0" cb="0"/><line nr="50" mi="3" ci="0" mb="0" cb="0"/><line nr="51" mi="3" ci="0" mb="0" cb="0"/><line nr="52" mi="3" ci="0" mb="0" cb="0"/><line nr="53" mi="1" ci="0" mb="0" cb="0"/><line nr="55" mi="3" ci="0" mb="0" cb="0"/><line nr="56" mi="3" ci="0" mb="0" cb="0"/><line nr="57" mi="3" ci="0" mb="0" cb="0"/><line nr="58" mi="3" ci="0" mb="0" cb="0"/><line nr="59" mi="3" ci="0" mb="0" cb="0"/><line nr="60" mi="3" ci="0" mb="0" cb="0"/><line nr="61" mi="3" ci="0" mb="0" cb="0"/><line nr="62" mi="3" ci="0" mb="0" cb="0"/><counter type="INSTRUCTION" missed="72" covered="0"/><counter type="LINE" missed="26" covered="0"/><counter type="COMPLEXITY" missed="13" covered="0"/><counter type="METHOD" missed="13" covered="0"/><counter type="CLASS" missed="2" covered="0"/></sourcefile><counter type="INSTRUCTION" missed="248" covered="0"/><counter type="BRANCH" missed="34" covered="0"/><counter type="LINE" missed="68" covered="0"/><counter type="COMPLEXITY" missed="52" covered="0"/><counter type="METHOD" missed="30" covered="0"/><counter type="CLASS" missed="4" covered="0"/></package><package name="com/pokerhelper/infrastructure/adapters/input/http"><class name="com/pokerhelper/infrastructure/adapters/input/http/PokerHttpAdapter$ValidationException" sourcefilename="PokerHttpAdapter.java"><method name="&lt;init&gt;" desc="(Ljava/lang/String;)V" line="155"><counter type="INSTRUCTION" missed="0" covered="4"/><counter type="LINE" missed="0" covered="2"/><counter type="COMPLEXITY" missed="0" covered="1"/><counter type="METHOD" missed="0" covered="1"/></method><counter type="INSTRUCTION" missed="0" covered="4"/><counter type="LINE" missed="0" covered="2"/><counter type="COMPLEXITY" missed="0" covered="1"/><counter type="METHOD" missed="0" covered="1"/><counter type="CLASS" missed="0" covered="1"/></class><class name="com/pokerhelper/infrastructure/adapters/input/http/PokerHttpAdapter$ErrorResponse" sourcefilename="PokerHttpAdapter.java"><method name="&lt;init&gt;" desc="(Ljava/lang/String;Ljava/lang/String;)V" line="163"><counter type="INSTRUCTION" missed="0" covered="9"/><counter type="LINE" missed="0" covered="4"/><counter type="COMPLEXITY" missed="0" covered="1"/><counter type="METHOD" missed="0" covered="1"/></method><counter type="INSTRUCTION" missed="0" covered="9"/><counter type="LINE" missed="0" covered="4"/><counter type="COMPLEXITY" missed="0" covered="1"/><counter type="METHOD" missed="0" covered="1"/><counter type="CLASS" missed="0" covered="1"/></class><class name="com/pokerhelper/infrastructure/adapters/input/http/PokerHttpAdapter$ApiInfo" sourcefilename="PokerHttpAdapter.java"><method name="&lt;init&gt;" desc="(Ljava/lang/String;Ljava/lang/String;Ljava/lang/String;[Ljava/lang/String;)V" line="175"><counter type="INSTRUCTION" missed="15" covered="0"/><counter type="LINE" missed="6" covered="0"/><counter type="COMPLEXITY" missed="1" covered="0"/><counter type="METHOD" missed="1" covered="0"/></method><counter type="INSTRUCTION" missed="15" covered="0"/><counter type="LINE" missed="6" covered="0"/><counter type="COMPLEXITY" missed="1" covered="0"/><counter type="METHOD" missed="1" covered="0"/><counter type="CLASS" missed="1" covered="0"/></class><class name="com/pokerhelper/infrastructure/adapters/input/http/PokerHttpAdapter" sourcefilename="PokerHttpAdapter.java"><method name="&lt;init&gt;" desc="(Lcom/pokerhelper/application/ports/input/PokerCalculatorUseCases;Lcom/pokerhelper/infrastructure/mappers/PokerDtoMapper;Ljakarta/validation/Validator;)V" line="32"><counter type="INSTRUCTION" missed="0" covered="12"/><counter type="LINE" missed="0" covered="5"/><counter type="COMPLEXITY" missed="0" covered="1"/><counter type="METHOD" missed="0" covered="1"/></method><method name="configureRoutes" desc="(Lio/javalin/Javalin;)V" line="42"><counter type="INSTRUCTION" missed="0" covered="19"/><counter type="LINE" missed="0" covered="4"/><counter type="COMPLEXITY" missed="0" covered="1"/><counter type="METHOD" missed="0" covered="1"/></method><method name="calculateProbabilities" desc="(Lio/javalin/http/Context;)V" line="52"><counter type="INSTRUCTION" missed="64" covered="27"/><counter type="LINE" missed="14" covered="7"/><counter type="COMPLEXITY" missed="0" covered="1"/><counter type="METHOD" missed="0" covered="1"/></method><method name="makeDecision" desc="(Lio/javalin/http/Context;)V" line="93"><counter type="INSTRUCTION" missed="89" covered="0"/><counter type="LINE" missed="20" covered="0"/><counter type="COMPLEXITY" missed="1" covered="0"/><counter type="METHOD" missed="1" covered="0"/></method><method name="getApiInfo" desc="(Lio/javalin/http/Context;)V" line="131"><counter type="INSTRUCTION" missed="24" covered="0"/><counter type="LINE" missed="2" covered="0"/><counter type="COMPLEXITY" missed="1" covered="0"/><counter type="METHOD" missed="1" covered="0"/></method><method name="validateRequest" desc="(Lcom/pokerhelper/infrastructure/dto/PokerCalculationRequest;)V" line="144"><counter type="INSTRUCTION" missed="1" covered="24"/><counter type="BRANCH" missed="1" covered="1"/><counter type="LINE" missed="1" covered="6"/><counter type="COMPLEXITY" missed="1" covered="1"/><counter type="METHOD" missed="0" covered="1"/></method><method name="&lt;clinit&gt;" desc="()V" line="23"><counter type="INSTRUCTION" missed="0" covered="4"/><counter type="LINE" missed="0" covered="1"/><counter type="COMPLEXITY" missed="0" covered="1"/><counter type="METHOD" missed="0" covered="1"/></method><counter type="INSTRUCTION" missed="178" covered="86"/><counter type="BRANCH" missed="1" covered="1"/><counter type="LINE" missed="37" covered="23"/><counter type="COMPLEXITY" missed="3" covered="5"/><counter type="METHOD" missed="2" covered="5"/><counter type="CLASS" missed="0" covered="1"/></class><sourcefile name="PokerHttpAdapter.java"><line nr="23" mi="0" ci="4" mb="0" cb="0"/><line nr="32" mi="0" ci="2" mb="0" cb="0"/><line nr="33" mi="0" ci="3" mb="0" cb="0"/><line nr="34" mi="0" ci="3" mb="0" cb="0"/><line nr="35" mi="0" ci="3" mb="0" cb="0"/><line nr="36" mi="0" ci="1" mb="0" cb="0"/><line nr="42" mi="0" ci="6" mb="0" cb="0"/><line nr="43" mi="0" ci="6" mb="0" cb="0"/><line nr="44" mi="0" ci="6" mb="0" cb="0"/><line nr="45" mi="0" ci="1" mb="0" cb="0"/><line nr="52" mi="0" ci="3" mb="0" cb="0"/><line nr="55" mi="0" ci="5" mb="0" cb="0"/><line nr="56" mi="3" ci="0" mb="0" cb="0"/><line nr="58" mi="4" ci="0" mb="0" cb="0"/><line nr="61" mi="6" ci="0" mb="0" cb="0"/><line nr="62" mi="6" ci="0" mb="0" cb="0"/><line nr="65" mi="7" ci="0" mb="0" cb="0"/><line nr="68" mi="3" ci="0" mb="0" cb="0"/><line nr="69" mi="3" ci="0" mb="0" cb="0"/><line nr="70" mi="2" ci="0" mb="0" cb="0"/><line nr="74" mi="5" ci="0" mb="0" cb="0"/><line nr="76" mi="3" ci="0" mb="0" cb="0"/><line nr="77" mi="6" ci="0" mb="0" cb="0"/><line nr="79" mi="0" ci="1" mb="0" cb="0"/><line nr="80" mi="0" ci="5" mb="0" cb="0"/><line nr="81" mi="0" ci="11" mb="0" cb="0"/><line nr="82" mi="1" ci="0" mb="0" cb="0"/><line nr="83" mi="4" ci="0" mb="0" cb="0"/><line nr="84" mi="10" ci="0" mb="0" cb="0"/><line nr="85" mi="1" ci="1" mb="0" cb="0"/><line nr="86" mi="0" ci="1" mb="0" cb="0"/><line nr="93" mi="3" ci="0" mb="0" cb="0"/><line nr="96" mi="5" ci="0" mb="0" cb="0"/><line nr="97" mi="3" ci="0" mb="0" cb="0"/><line nr="100" mi="6" ci="0" mb="0" cb="0"/><line nr="101" mi="6" ci="0" mb="0" cb="0"/><line nr="104" mi="7" ci="0" mb="0" cb="0"/><line nr="107" mi="3" ci="0" mb="0" cb="0"/><line nr="108" mi="3" ci="0" mb="0" cb="0"/><line nr="109" mi="2" ci="0" mb="0" cb="0"/><line nr="113" mi="5" ci="0" mb="0" cb="0"/><line nr="115" mi="5" ci="0" mb="0" cb="0"/><line nr="116" mi="6" ci="0" mb="0" cb="0"/><line nr="118" mi="1" ci="0" mb="0" cb="0"/><line nr="119" mi="5" ci="0" mb="0" cb="0"/><line nr="120" mi="11" ci="0" mb="0" cb="0"/><line nr="121" mi="1" ci="0" mb="0" cb="0"/><line nr="122" mi="4" ci="0" mb="0" cb="0"/><line nr="123" mi="10" ci="0" mb="0" cb="0"/><line nr="124" mi="2" ci="0" mb="0" cb="0"/><line nr="125" mi="1" ci="0" mb="0" cb="0"/><line nr="131" mi="23" ci="0" mb="0" cb="0"/><line nr="141" mi="1" ci="0" mb="0" cb="0"/><line nr="144" mi="0" ci="7" mb="0" cb="0"/><line nr="145" mi="0" ci="3" mb="1" cb="1"/><line nr="146" mi="0" ci="3" mb="0" cb="0"/><line nr="147" mi="0" ci="2" mb="0" cb="0"/><line nr="148" mi="0" ci="4" mb="0" cb="0"/><line nr="149" mi="0" ci="5" mb="0" cb="0"/><line nr="151" mi="1" ci="0" mb="0" cb="0"/><line nr="155" mi="0" ci="3" mb="0" cb="0"/><line nr="156" mi="0" ci="1" mb="0" cb="0"/><line nr="163" mi="0" ci="2" mb="0" cb="0"/><line nr="164" mi="0" ci="3" mb="0" cb="0"/><line nr="165" mi="0" ci="3" mb="0" cb="0"/><line nr="166" mi="0" ci="1" mb="0" cb="0"/><line nr="175" mi="2" ci="0" mb="0" cb="0"/><line nr="176" mi="3" ci="0" mb="0" cb="0"/><line nr="177" mi="3" ci="0" mb="0" cb="0"/><line nr="178" mi="3" ci="0" mb="0" cb="0"/><line nr="179" mi="3" ci="0" mb="0" cb="0"/><line nr="180" mi="1" ci="0" mb="0" cb="0"/><counter type="INSTRUCTION" missed="193" covered="99"/><counter type="BRANCH" missed="1" covered="1"/><counter type="LINE" missed="43" covered="29"/><counter type="COMPLEXITY" missed="4" covered="7"/><counter type="METHOD" missed="3" covered="7"/><counter type="CLASS" missed="1" covered="3"/></sourcefile><counter type="INSTRUCTION" missed="193" covered="99"/><counter type="BRANCH" missed="1" covered="1"/><counter type="LINE" missed="43" covered="29"/><counter type="COMPLEXITY" missed="4" covered="7"/><counter type="METHOD" missed="3" covered="7"/><counter type="CLASS" missed="1" covered="3"/></package><package name="com/pokerhelper/infrastructure/adapters/legacy"><class name="com/pokerhelper/infrastructure/adapters/legacy/LegacyPokerCalculatorAdapter" sourcefilename="LegacyPokerCalculatorAdapter.java"><method name="&lt;init&gt;" desc="()V" line="23"><counter type="INSTRUCTION" missed="8" covered="0"/><counter type="LINE" missed="3" covered="0"/><counter type="COMPLEXITY" missed="1" covered="0"/><counter type="METHOD" missed="1" covered="0"/></method><method name="calculateProbabilities" desc="(Ljava/util/List;III)Lcom/pokerhelper/domain/model/PokerProbabilities;" line="36"><counter type="INSTRUCTION" missed="99" covered="0"/><counter type="LINE" missed="28" covered="0"/><counter type="COMPLEXITY" missed="1" covered="0"/><counter type="METHOD" missed="1" covered="0"/></method><method name="makeDecision" desc="(Ljava/util/List;III)Lcom/pokerhelper/domain/model/Decision;" line="90"><counter type="INSTRUCTION" missed="10" covered="0"/><counter type="LINE" missed="2" covered="0"/><counter type="COMPLEXITY" missed="1" covered="0"/><counter type="METHOD" missed="1" covered="0"/></method><method name="convertToLegacyCard" desc="(Lcom/pokerhelper/domain/model/Card;)Lcom/app/service/domain/model/Carta;" line="99"><counter type="INSTRUCTION" missed="8" covered="0"/><counter type="LINE" missed="1" covered="0"/><counter type="COMPLEXITY" missed="1" covered="0"/><counter type="METHOD" missed="1" covered="0"/></method><method name="convertToDomainDecision" desc="(Lcom/app/service/applications/service/Decision;)Lcom/pokerhelper/domain/model/Decision;" line="106"><counter type="INSTRUCTION" missed="16" covered="0"/><counter type="BRANCH" missed="2" covered="0"/><counter type="LINE" missed="3" covered="0"/><counter type="COMPLEXITY" missed="2" covered="0"/><counter type="METHOD" missed="1" covered="0"/></method><method name="&lt;clinit&gt;" desc="()V" line="19"><counter type="INSTRUCTION" missed="4" covered="0"/><counter type="LINE" missed="1" covered="0"/><counter type="COMPLEXITY" missed="1" covered="0"/><counter type="METHOD" missed="1" covered="0"/></method><counter type="INSTRUCTION" missed="145" covered="0"/><counter type="BRANCH" missed="2" covered="0"/><counter type="LINE" missed="38" covered="0"/><counter type="COMPLEXITY" missed="7" covered="0"/><counter type="METHOD" missed="6" covered="0"/><counter type="CLASS" missed="1" covered="0"/></class><sourcefile name="LegacyPokerCalculatorAdapter.java"><line nr="19" mi="4" ci="0" mb="0" cb="0"/><line nr="23" mi="2" ci="0" mb="0" cb="0"/><line nr="24" mi="5" ci="0" mb="0" cb="0"/><line nr="25" mi="1" ci="0" mb="0" cb="0"/><line nr="36" mi="3" ci="0" mb="0" cb="0"/><line nr="39" mi="4" ci="0" mb="0" cb="0"/><line nr="40" mi="1" ci="0" mb="0" cb="0"/><line nr="41" mi="4" ci="0" mb="0" cb="0"/><line nr="43" mi="6" ci="0" mb="0" cb="0"/><line nr="46" mi="7" ci="0" mb="0" cb="0"/><line nr="49" mi="4" ci="0" mb="0" cb="0"/><line nr="50" mi="3" ci="0" mb="0" cb="0"/><line nr="51" mi="3" ci="0" mb="0" cb="0"/><line nr="52" mi="3" ci="0" mb="0" cb="0"/><line nr="53" mi="3" ci="0" mb="0" cb="0"/><line nr="54" mi="3" ci="0" mb="0" cb="0"/><line nr="55" mi="3" ci="0" mb="0" cb="0"/><line nr="56" mi="3" ci="0" mb="0" cb="0"/><line nr="57" mi="3" ci="0" mb="0" cb="0"/><line nr="60" mi="4" ci="0" mb="0" cb="0"/><line nr="61" mi="3" ci="0" mb="0" cb="0"/><line nr="62" mi="3" ci="0" mb="0" cb="0"/><line nr="63" mi="3" ci="0" mb="0" cb="0"/><line nr="64" mi="3" ci="0" mb="0" cb="0"/><line nr="65" mi="3" ci="0" mb="0" cb="0"/><line nr="66" mi="3" ci="0" mb="0" cb="0"/><line nr="67" mi="3" ci="0" mb="0" cb="0"/><line nr="68" mi="3" ci="0" mb="0" cb="0"/><line nr="72" mi="4" ci="0" mb="0" cb="0"/><line nr="73" mi="4" ci="0" mb="0" cb="0"/><line nr="75" mi="3" ci="0" mb="0" cb="0"/><line nr="77" mi="7" ci="0" mb="0" cb="0"/><line nr="90" mi="7" ci="0" mb="0" cb="0"/><line nr="92" mi="3" ci="0" mb="0" cb="0"/><line nr="99" mi="8" ci="0" mb="0" cb="0"/><line nr="106" mi="2" ci="0" mb="2" cb="0"/><line nr="107" mi="6" ci="0" mb="0" cb="0"/><line nr="110" mi="8" ci="0" mb="0" cb="0"/><counter type="INSTRUCTION" missed="145" covered="0"/><counter type="BRANCH" missed="2" covered="0"/><counter type="LINE" missed="38" covered="0"/><counter type="COMPLEXITY" missed="7" covered="0"/><counter type="METHOD" missed="6" covered="0"/><counter type="CLASS" missed="1" covered="0"/></sourcefile><counter type="INSTRUCTION" missed="145" covered="0"/><counter type="BRANCH" missed="2" covered="0"/><counter type="LINE" missed="38" covered="0"/><counter type="COMPLEXITY" missed="7" covered="0"/><counter type="METHOD" missed="6" covered="0"/><counter type="CLASS" missed="1" covered="0"/></package><package name="com/app/service/applications/service"><class name="com/app/service/applications/service/CalculoDeProbabilidades" sourcefilename="CalculoDeProbabilidades.java"><method name="&lt;init&gt;" desc="()V" line="12"><counter type="INSTRUCTION" missed="0" covered="18"/><counter type="LINE" missed="0" covered="6"/><counter type="COMPLEXITY" missed="0" covered="1"/><counter type="METHOD" missed="0" covered="1"/></method><method name="reiniciarDatos" desc="(Ljava/util/List;III)V" line="63"><counter type="INSTRUCTION" missed="0" covered="81"/><counter type="LINE" missed="0" covered="16"/><counter type="COMPLEXITY" missed="0" covered="1"/><counter type="METHOD" missed="0" covered="1"/></method><method name="getProbPareja" desc="()D" line="124"><counter type="INSTRUCTION" missed="3" covered="0"/><counter type="LINE" missed="1" covered="0"/><counter type="COMPLEXITY" missed="1" covered="0"/><counter type="METHOD" missed="1" covered="0"/></method><method name="getProbTrio" desc="()D" line="128"><counter type="INSTRUCTION" missed="3" covered="0"/><counter type="LINE" missed="1" covered="0"/><counter type="COMPLEXITY" missed="1" covered="0"/><counter type="METHOD" missed="1" covered="0"/></method><method name="getProbEscalera" desc="()D" line="132"><counter type="INSTRUCTION" missed="3" covered="0"/><counter type="LINE" missed="1" covered="0"/><counter type="COMPLEXITY" missed="1" covered="0"/><counter type="METHOD" missed="1" covered="0"/></method><method name="getProbColor" desc="()D" line="136"><counter type="INSTRUCTION" missed="3" covered="0"/><counter type="LINE" missed="1" covered="0"/><counter type="COMPLEXITY" missed="1" covered="0"/><counter type="METHOD" missed="1" covered="0"/></method><method name="getProbFullHouse" desc="()D" line="140"><counter type="INSTRUCTION" missed="3" covered="0"/><counter type="LINE" missed="1" covered="0"/><counter type="COMPLEXITY" missed="1" covered="0"/><counter type="METHOD" missed="1" covered="0"/></method><method name="getProbPoker" desc="()D" line="144"><counter type="INSTRUCTION" missed="3" covered="0"/><counter type="LINE" missed="1" covered="0"/><counter type="COMPLEXITY" missed="1" covered="0"/><counter type="METHOD" missed="1" covered="0"/></method><method name="getProbEscaleraColor" desc="()D" line="148"><counter type="INSTRUCTION" missed="3" covered="0"/><counter type="LINE" missed="1" covered="0"/><counter type="COMPLEXITY" missed="1" covered="0"/><counter type="METHOD" missed="1" covered="0"/></method><method name="getProbEscaleraReal" desc="()D" line="152"><counter type="INSTRUCTION" missed="3" covered="0"/><counter type="LINE" missed="1" covered="0"/><counter type="COMPLEXITY" missed="1" covered="0"/><counter type="METHOD" missed="1" covered="0"/></method><method name="getProbParejaCont" desc="()D" line="157"><counter type="INSTRUCTION" missed="3" covered="0"/><counter type="LINE" missed="1" covered="0"/><counter type="COMPLEXITY" missed="1" covered="0"/><counter type="METHOD" missed="1" covered="0"/></method><method name="getProbTrioCont" desc="()D" line="161"><counter type="INSTRUCTION" missed="3" covered="0"/><counter type="LINE" missed="1" covered="0"/><counter type="COMPLEXITY" missed="1" covered="0"/><counter type="METHOD" missed="1" covered="0"/></method><method name="getProbColorCont" desc="()D" line="165"><counter type="INSTRUCTION" missed="3" covered="0"/><counter type="LINE" missed="1" covered="0"/><counter type="COMPLEXITY" missed="1" covered="0"/><counter type="METHOD" missed="1" covered="0"/></method><method name="getProbEscaleraCont" desc="()D" line="169"><counter type="INSTRUCTION" missed="3" covered="0"/><counter type="LINE" missed="1" covered="0"/><counter type="COMPLEXITY" missed="1" covered="0"/><counter type="METHOD" missed="1" covered="0"/></method><method name="getProbFullHouseCont" desc="()D" line="173"><counter type="INSTRUCTION" missed="3" covered="0"/><counter type="LINE" missed="1" covered="0"/><counter type="COMPLEXITY" missed="1" covered="0"/><counter type="METHOD" missed="1" covered="0"/></method><method name="getProbPokerCont" desc="()D" line="178"><counter type="INSTRUCTION" missed="3" covered="0"/><counter type="LINE" missed="1" covered="0"/><counter type="COMPLEXITY" missed="1" covered="0"/><counter type="METHOD" missed="1" covered="0"/></method><method name="getProbEscaleraColorCont" desc="()D" line="182"><counter type="INSTRUCTION" missed="3" covered="0"/><counter type="LINE" missed="1" covered="0"/><counter type="COMPLEXITY" missed="1" covered="0"/><counter type="METHOD" missed="1" covered="0"/></method><method name="getProbEscaleraRealCont" desc="()D" line="186"><counter type="INSTRUCTION" missed="3" covered="0"/><counter type="LINE" missed="1" covered="0"/><counter type="COMPLEXITY" missed="1" covered="0"/><counter type="METHOD" missed="1" covered="0"/></method><method name="getDecision" desc="()Lcom/app/service/applications/service/Decision;" line="190"><counter type="INSTRUCTION" missed="0" covered="3"/><counter type="LINE" missed="0" covered="1"/><counter type="COMPLEXITY" missed="0" covered="1"/><counter type="METHOD" missed="0" covered="1"/></method><method name="setDecision" desc="(Lcom/app/service/applications/service/Decision;)V" line="194"><counter type="INSTRUCTION" missed="4" covered="0"/><counter type="LINE" missed="2" covered="0"/><counter type="COMPLEXITY" missed="1" covered="0"/><counter type="METHOD" missed="1" covered="0"/></method><method name="C" desc="(II)I" line="207"><counter type="INSTRUCTION" missed="0" covered="55"/><counter type="BRANCH" missed="0" covered="14"/><counter type="LINE" missed="0" covered="11"/><counter type="COMPLEXITY" missed="0" covered="8"/><counter type="METHOD" missed="0" covered="1"/></method><method name="completarPareja" desc="(Ljava/util/List;)D" line="241"><counter type="INSTRUCTION" missed="5" covered="65"/><counter type="BRANCH" missed="3" covered="7"/><counter type="LINE" missed="2" covered="12"/><counter type="COMPLEXITY" missed="3" covered="3"/><counter type="METHOD" missed="0" covered="1"/></method><method name="completarTrio" desc="(Ljava/util/List;)D" line="280"><counter type="INSTRUCTION" missed="38" covered="67"/><counter type="BRANCH" missed="6" covered="6"/><counter type="LINE" missed="9" covered="12"/><counter type="COMPLEXITY" missed="4" covered="3"/><counter type="METHOD" missed="0" covered="1"/></method><method name="completarColor" desc="(Ljava/util/List;)D" line="327"><counter type="INSTRUCTION" missed="44" covered="58"/><counter type="BRANCH" missed="8" covered="4"/><counter type="LINE" missed="8" covered="12"/><counter type="COMPLEXITY" missed="5" covered="2"/><counter type="METHOD" missed="0" covered="1"/></method><method name="completarEscalera" desc="(Ljava/util/List;)D" line="368"><counter type="INSTRUCTION" missed="80" covered="87"/><counter type="BRANCH" missed="10" covered="4"/><counter type="LINE" missed="14" covered="17"/><counter type="COMPLEXITY" missed="6" covered="2"/><counter type="METHOD" missed="0" covered="1"/></method><method name="probCompletarEscalera" desc="([IIII)D" line="442"><counter type="INSTRUCTION" missed="2" covered="52"/><counter type="BRANCH" missed="1" covered="7"/><counter type="LINE" missed="1" covered="11"/><counter type="COMPLEXITY" missed="1" covered="4"/><counter type="METHOD" missed="0" covered="1"/></method><method name="completarFullHouse" desc="(Ljava/util/List;)D" line="469"><counter type="INSTRUCTION" missed="26" covered="109"/><counter type="BRANCH" missed="14" covered="16"/><counter type="LINE" missed="10" covered="21"/><counter type="COMPLEXITY" missed="12" covered="4"/><counter type="METHOD" missed="0" covered="1"/></method><method name="probCompletarFullHouse" desc="(IIIII)D" line="538"><counter type="INSTRUCTION" missed="96" covered="31"/><counter type="BRANCH" missed="15" covered="7"/><counter type="LINE" missed="8" covered="9"/><counter type="COMPLEXITY" missed="11" covered="1"/><counter type="METHOD" missed="0" covered="1"/></method><method name="completarPoker" desc="(Ljava/util/List;)D" line="585"><counter type="INSTRUCTION" missed="33" covered="64"/><counter type="BRANCH" missed="6" covered="6"/><counter type="LINE" missed="7" covered="12"/><counter type="COMPLEXITY" missed="4" covered="3"/><counter type="METHOD" missed="0" covered="1"/></method><method name="completarEscaleraColor" desc="(Ljava/util/List;)D" line="626"><counter type="INSTRUCTION" missed="78" covered="109"/><counter type="BRANCH" missed="12" covered="6"/><counter type="LINE" missed="13" covered="19"/><counter type="COMPLEXITY" missed="8" covered="2"/><counter type="METHOD" missed="0" covered="1"/></method><method name="encontrarFronterasEscaleras" desc="(II)[I" line="700"><counter type="INSTRUCTION" missed="38" covered="21"/><counter type="BRANCH" missed="11" covered="1"/><counter type="LINE" missed="9" covered="7"/><counter type="COMPLEXITY" missed="6" covered="1"/><counter type="METHOD" missed="0" covered="1"/></method><method name="probCompletarEscaleraColor" desc="([IIII)D" line="738"><counter type="INSTRUCTION" missed="2" covered="50"/><counter type="BRANCH" missed="1" covered="7"/><counter type="LINE" missed="1" covered="11"/><counter type="COMPLEXITY" missed="1" covered="4"/><counter type="METHOD" missed="0" covered="1"/></method><method name="completarEscaleraReal" desc="(Ljava/util/List;)D" line="766"><counter type="INSTRUCTION" missed="0" covered="112"/><counter type="BRANCH" missed="7" covered="11"/><counter type="LINE" missed="0" covered="28"/><counter type="COMPLEXITY" missed="7" covered="3"/><counter type="METHOD" missed="0" covered="1"/></method><method name="completarParejaTrioPokerCont" desc="(Ljava/util/List;I)V" line="824"><counter type="INSTRUCTION" missed="11" covered="156"/><counter type="BRANCH" missed="2" covered="8"/><counter type="LINE" missed="4" covered="26"/><counter type="COMPLEXITY" missed="2" covered="4"/><counter type="METHOD" missed="0" covered="1"/></method><method name="completarColorCont" desc="(Ljava/util/List;I)D" line="894"><counter type="INSTRUCTION" missed="2" covered="129"/><counter type="BRANCH" missed="2" covered="10"/><counter type="LINE" missed="1" covered="22"/><counter type="COMPLEXITY" missed="2" covered="5"/><counter type="METHOD" missed="0" covered="1"/></method><method name="completarEscaleraCont" desc="(Ljava/util/List;I)D" line="942"><counter type="INSTRUCTION" missed="6" covered="41"/><counter type="BRANCH" missed="2" covered="4"/><counter type="LINE" missed="2" covered="10"/><counter type="COMPLEXITY" missed="2" covered="2"/><counter type="METHOD" missed="0" covered="1"/></method><method name="completarFullHouseCont" desc="(Ljava/util/List;I)D" line="970"><counter type="INSTRUCTION" missed="0" covered="2"/><counter type="LINE" missed="0" covered="1"/><counter type="COMPLEXITY" missed="0" covered="1"/><counter type="METHOD" missed="0" covered="1"/></method><method name="completarEscaleraColorCont" desc="(Ljava/util/List;I)D" line="974"><counter type="INSTRUCTION" missed="0" covered="2"/><counter type="LINE" missed="0" covered="1"/><counter type="COMPLEXITY" missed="0" covered="1"/><counter type="METHOD" missed="0" covered="1"/></method><method name="completarEscaleraRealCont" desc="(Ljava/util/List;I)D" line="978"><counter type="INSTRUCTION" missed="0" covered="2"/><counter type="LINE" missed="0" covered="1"/><counter type="COMPLEXITY" missed="0" covered="1"/><counter type="METHOD" missed="0" covered="1"/></method><method name="calcularDecision" desc="(II)Lcom/app/service/applications/service/Decision;" line="996"><counter type="INSTRUCTION" missed="22" covered="15"/><counter type="BRANCH" missed="7" covered="1"/><counter type="LINE" missed="4" covered="4"/><counter type="COMPLEXITY" missed="4" covered="1"/><counter type="METHOD" missed="0" covered="1"/></method><method name="distribucionHiperGeometrica" desc="(IIII)D" line="1029"><counter type="INSTRUCTION" missed="0" covered="40"/><counter type="BRANCH" missed="0" covered="4"/><counter type="LINE" missed="0" covered="9"/><counter type="COMPLEXITY" missed="0" covered="3"/><counter type="METHOD" missed="0" covered="1"/></method><method name="distribucionBinomial" desc="(II)D" line="1056"><counter type="INSTRUCTION" missed="32" covered="0"/><counter type="LINE" missed="4" covered="0"/><counter type="COMPLEXITY" missed="1" covered="0"/><counter type="METHOD" missed="1" covered="0"/></method><method name="probabilidadComplementaria" desc="(IIII)D" line="1077"><counter type="INSTRUCTION" missed="67" covered="0"/><counter type="BRANCH" missed="16" covered="0"/><counter type="LINE" missed="15" covered="0"/><counter type="COMPLEXITY" missed="9" covered="0"/><counter type="METHOD" missed="1" covered="0"/></method><counter type="INSTRUCTION" missed="634" covered="1369"/><counter type="BRANCH" missed="123" covered="123"/><counter type="LINE" missed="130" covered="279"/><counter type="COMPLEXITY" missed="105" covered="61"/><counter type="METHOD" missed="19" covered="24"/><counter type="CLASS" missed="0" covered="1"/></class><class name="com/app/service/applications/service/Decision" sourcefilename="Decision.java"><method name="&lt;init&gt;" desc="()V" line="34"><counter type="INSTRUCTION" missed="0" covered="6"/><counter type="LINE" missed="0" covered="3"/><counter type="COMPLEXITY" missed="0" covered="1"/><counter type="METHOD" missed="0" covered="1"/></method><method name="getCodigoDecision" desc="()I" line="39"><counter type="INSTRUCTION" missed="0" covered="3"/><counter type="LINE" missed="0" covered="1"/><counter type="COMPLEXITY" missed="0" covered="1"/><counter type="METHOD" missed="0" covered="1"/></method><method name="decideEsto" desc="(I)Z" line="48"><counter type="INSTRUCTION" missed="2" covered="6"/><counter type="BRANCH" missed="1" covered="1"/><counter type="LINE" missed="0" covered="1"/><counter type="COMPLEXITY" missed="1" covered="1"/><counter type="METHOD" missed="0" covered="1"/></method><method name="setDecision" desc="(I)V" line="52"><counter type="INSTRUCTION" missed="0" covered="9"/><counter type="BRANCH" missed="0" covered="2"/><counter type="LINE" missed="0" covered="4"/><counter type="COMPLEXITY" missed="0" covered="2"/><counter type="METHOD" missed="0" covered="1"/></method><method name="getAumentoApuesta" desc="()I" line="59"><counter type="INSTRUCTION" missed="3" covered="0"/><counter type="LINE" missed="1" covered="0"/><counter type="COMPLEXITY" missed="1" covered="0"/><counter type="METHOD" missed="1" covered="0"/></method><method name="setAumentoApuesta" desc="(I)V" line="63"><counter type="INSTRUCTION" missed="0" covered="4"/><counter type="LINE" missed="0" covered="2"/><counter type="COMPLEXITY" missed="0" covered="1"/><counter type="METHOD" missed="0" covered="1"/></method><method name="toString" desc="()Ljava/lang/String;" line="69"><counter type="INSTRUCTION" missed="36" covered="0"/><counter type="BRANCH" missed="7" covered="0"/><counter type="LINE" missed="15" covered="0"/><counter type="COMPLEXITY" missed="7" covered="0"/><counter type="METHOD" missed="1" covered="0"/></method><method name="getDecision" desc="()I" line="98"><counter type="INSTRUCTION" missed="3" covered="0"/><counter type="LINE" missed="1" covered="0"/><counter type="COMPLEXITY" missed="1" covered="0"/><counter type="METHOD" missed="1" covered="0"/></method><counter type="INSTRUCTION" missed="44" covered="28"/><counter type="BRANCH" missed="8" covered="3"/><counter type="LINE" missed="17" covered="11"/><counter type="COMPLEXITY" missed="10" covered="6"/><counter type="METHOD" missed="3" covered="5"/><counter type="CLASS" missed="0" covered="1"/></class><sourcefile name="Decision.java"><line nr="34" mi="0" ci="2" mb="0" cb="0"/><line nr="35" mi="0" ci="3" mb="0" cb="0"/><line nr="36" mi="0" ci="1" mb="0" cb="0"/><line nr="39" mi="0" ci="3" mb="0" cb="0"/><line nr="48" mi="2" ci="6" mb="1" cb="1"/><line nr="52" mi="0" ci="2" mb="0" cb="2"/><line nr="53" mi="0" ci="3" mb="0" cb="0"/><line nr="55" mi="0" ci="3" mb="0" cb="0"/><line nr="56" mi="0" ci="1" mb="0" cb="0"/><line nr="59" mi="3" ci="0" mb="0" cb="0"/><line nr="63" mi="0" ci="3" mb="0" cb="0"/><line nr="64" mi="0" ci="1" mb="0" cb="0"/><line nr="69" mi="3" ci="0" mb="7" cb="0"/><line nr="71" mi="2" ci="0" mb="0" cb="0"/><line nr="72" mi="1" ci="0" mb="0" cb="0"/><line nr="74" mi="2" ci="0" mb="0" cb="0"/><line nr="75" mi="1" ci="0" mb="0" cb="0"/><line nr="77" mi="4" ci="0" mb="0" cb="0"/><line nr="78" mi="1" ci="0" mb="0" cb="0"/><line nr="80" mi="4" ci="0" mb="0" cb="0"/><line nr="81" mi="1" ci="0" mb="0" cb="0"/><line nr="83" mi="4" ci="0" mb="0" cb="0"/><line nr="84" mi="1" ci="0" mb="0" cb="0"/><line nr="86" mi="2" ci="0" mb="0" cb="0"/><line nr="87" mi="1" ci="0" mb="0" cb="0"/><line nr="89" mi="7" ci="0" mb="0" cb="0"/><line nr="91" mi="2" ci="0" mb="0" cb="0"/><line nr="98" mi="3" ci="0" mb="0" cb="0"/><counter type="INSTRUCTION" missed="44" covered="28"/><counter type="BRANCH" missed="8" covered="3"/><counter type="LINE" missed="17" covered="11"/><counter type="COMPLEXITY" missed="10" covered="6"/><counter type="METHOD" missed="3" covered="5"/><counter type="CLASS" missed="0" covered="1"/></sourcefile><sourcefile name="CalculoDeProbabilidades.java"><line nr="12" mi="0" ci="2" mb="0" cb="0"/><line nr="42" mi="0" ci="3" mb="0" cb="0"/><line nr="46" mi="0" ci="3" mb="0" cb="0"/><line nr="47" mi="0" ci="3" mb="0" cb="0"/><line nr="48" mi="0" ci="3" mb="0" cb="0"/><line nr="52" mi="0" ci="4" mb="0" cb="0"/><line nr="63" mi="0" ci="5" mb="0" cb="0"/><line nr="64" mi="0" ci="5" mb="0" cb="0"/><line nr="65" mi="0" ci="5" mb="0" cb="0"/><line nr="66" mi="0" ci="5" mb="0" cb="0"/><line nr="67" mi="0" ci="5" mb="0" cb="0"/><line nr="68" mi="0" ci="5" mb="0" cb="0"/><line nr="69" mi="0" ci="5" mb="0" cb="0"/><line nr="70" mi="0" ci="5" mb="0" cb="0"/><line nr="72" mi="0" ci="4" mb="0" cb="0"/><line nr="73" mi="0" ci="6" mb="0" cb="0"/><line nr="74" mi="0" ci="6" mb="0" cb="0"/><line nr="75" mi="0" ci="6" mb="0" cb="0"/><line nr="76" mi="0" ci="6" mb="0" cb="0"/><line nr="77" mi="0" ci="6" mb="0" cb="0"/><line nr="79" mi="0" ci="6" mb="0" cb="0"/><line nr="115" mi="0" ci="1" mb="0" cb="0"/><line nr="124" mi="3" ci="0" mb="0" cb="0"/><line nr="128" mi="3" ci="0" mb="0" cb="0"/><line nr="132" mi="3" ci="0" mb="0" cb="0"/><line nr="136" mi="3" ci="0" mb="0" cb="0"/><line nr="140" mi="3" ci="0" mb="0" cb="0"/><line nr="144" mi="3" ci="0" mb="0" cb="0"/><line nr="148" mi="3" ci="0" mb="0" cb="0"/><line nr="152" mi="3" ci="0" mb="0" cb="0"/><line nr="157" mi="3" ci="0" mb="0" cb="0"/><line nr="161" mi="3" ci="0" mb="0" cb="0"/><line nr="165" mi="3" ci="0" mb="0" cb="0"/><line nr="169" mi="3" ci="0" mb="0" cb="0"/><line nr="173" mi="3" ci="0" mb="0" cb="0"/><line nr="178" mi="3" ci="0" mb="0" cb="0"/><line nr="182" mi="3" ci="0" mb="0" cb="0"/><line nr="186" mi="3" ci="0" mb="0" cb="0"/><line nr="190" mi="0" ci="3" mb="0" cb="0"/><line nr="194" mi="3" ci="0" mb="0" cb="0"/><line nr="195" mi="1" ci="0" mb="0" cb="0"/><line nr="207" mi="0" ci="7" mb="0" cb="4"/><line nr="208" mi="0" ci="7" mb="0" cb="4"/><line nr="210" mi="0" ci="5" mb="0" cb="2"/><line nr="211" mi="0" ci="4" mb="0" cb="0"/><line nr="213" mi="0" ci="6" mb="0" cb="0"/><line nr="214" mi="0" ci="2" mb="0" cb="0"/><line nr="215" mi="0" ci="7" mb="0" cb="2"/><line nr="216" mi="0" ci="4" mb="0" cb="0"/><line nr="218" mi="0" ci="7" mb="0" cb="2"/><line nr="219" mi="0" ci="4" mb="0" cb="0"/><line nr="222" mi="0" ci="2" mb="0" cb="0"/><line nr="241" mi="0" ci="3" mb="0" cb="0"/><line nr="242" mi="0" ci="4" mb="0" cb="0"/><line nr="243" mi="0" ci="4" mb="0" cb="0"/><line nr="245" mi="0" ci="10" mb="1" cb="1"/><line nr="246" mi="3" ci="0" mb="0" cb="0"/><line nr="249" mi="0" ci="2" mb="0" cb="0"/><line nr="251" mi="0" ci="7" mb="0" cb="2"/><line nr="252" mi="0" ci="6" mb="0" cb="0"/><line nr="254" mi="0" ci="7" mb="0" cb="2"/><line nr="255" mi="0" ci="7" mb="1" cb="1"/><line nr="256" mi="2" ci="0" mb="0" cb="0"/><line nr="261" mi="0" ci="4" mb="1" cb="1"/><line nr="262" mi="0" ci="9" mb="0" cb="0"/><line nr="266" mi="0" ci="2" mb="0" cb="0"/><line nr="280" mi="0" ci="3" mb="0" cb="0"/><line nr="281" mi="0" ci="4" mb="0" cb="0"/><line nr="282" mi="0" ci="4" mb="0" cb="0"/><line nr="284" mi="0" ci="10" mb="1" cb="1"/><line nr="285" mi="2" ci="0" mb="0" cb="0"/><line nr="286" mi="6" ci="0" mb="0" cb="0"/><line nr="287" mi="7" ci="0" mb="2" cb="0"/><line nr="289" mi="7" ci="0" mb="2" cb="0"/><line nr="290" mi="2" ci="0" mb="0" cb="0"/><line nr="291" mi="1" ci="0" mb="0" cb="0"/><line nr="294" mi="11" ci="0" mb="0" cb="0"/><line nr="296" mi="1" ci="0" mb="0" cb="0"/><line nr="298" mi="0" ci="2" mb="0" cb="0"/><line nr="300" mi="0" ci="7" mb="0" cb="2"/><line nr="301" mi="0" ci="2" mb="0" cb="0"/><line nr="302" mi="0" ci="6" mb="0" cb="0"/><line nr="304" mi="0" ci="7" mb="0" cb="2"/><line nr="305" mi="0" ci="7" mb="1" cb="1"/><line nr="306" mi="1" ci="0" mb="0" cb="0"/><line nr="310" mi="0" ci="13" mb="0" cb="0"/><line nr="315" mi="0" ci="2" mb="0" cb="0"/><line nr="327" mi="0" ci="2" mb="0" cb="0"/><line nr="328" mi="0" ci="3" mb="0" cb="0"/><line nr="329" mi="0" ci="4" mb="0" cb="0"/><line nr="330" mi="0" ci="4" mb="0" cb="0"/><line nr="332" mi="0" ci="10" mb="1" cb="1"/><line nr="333" mi="0" ci="1" mb="0" cb="0"/><line nr="335" mi="0" ci="7" mb="0" cb="2"/><line nr="336" mi="0" ci="10" mb="1" cb="1"/><line nr="337" mi="0" ci="1" mb="0" cb="0"/><line nr="340" mi="0" ci="4" mb="0" cb="0"/><line nr="341" mi="0" ci="10" mb="0" cb="0"/><line nr="344" mi="2" ci="0" mb="0" cb="0"/><line nr="345" mi="7" ci="0" mb="2" cb="0"/><line nr="346" mi="7" ci="0" mb="2" cb="0"/><line nr="347" mi="10" ci="0" mb="2" cb="0"/><line nr="348" mi="1" ci="0" mb="0" cb="0"/><line nr="351" mi="4" ci="0" mb="0" cb="0"/><line nr="352" mi="11" ci="0" mb="0" cb="0"/><line nr="353" mi="2" ci="0" mb="0" cb="0"/><line nr="356" mi="0" ci="2" mb="0" cb="0"/><line nr="368" mi="0" ci="3" mb="0" cb="0"/><line nr="369" mi="0" ci="4" mb="0" cb="0"/><line nr="370" mi="0" ci="6" mb="0" cb="0"/><line nr="371" mi="0" ci="6" mb="0" cb="0"/><line nr="389" mi="0" ci="10" mb="1" cb="1"/><line nr="390" mi="0" ci="3" mb="0" cb="0"/><line nr="392" mi="0" ci="4" mb="0" cb="0"/><line nr="393" mi="0" ci="4" mb="0" cb="0"/><line nr="395" mi="0" ci="5" mb="0" cb="0"/><line nr="396" mi="0" ci="4" mb="0" cb="0"/><line nr="397" mi="0" ci="4" mb="0" cb="0"/><line nr="399" mi="0" ci="7" mb="0" cb="2"/><line nr="400" mi="0" ci="8" mb="0" cb="0"/><line nr="402" mi="0" ci="5" mb="1" cb="1"/><line nr="403" mi="0" ci="4" mb="0" cb="0"/><line nr="405" mi="0" ci="8" mb="0" cb="0"/><line nr="408" mi="2" ci="0" mb="0" cb="0"/><line nr="409" mi="7" ci="0" mb="2" cb="0"/><line nr="410" mi="3" ci="0" mb="0" cb="0"/><line nr="411" mi="8" ci="0" mb="0" cb="0"/><line nr="412" mi="9" ci="0" mb="0" cb="0"/><line nr="413" mi="4" ci="0" mb="0" cb="0"/><line nr="414" mi="4" ci="0" mb="0" cb="0"/><line nr="415" mi="7" ci="0" mb="2" cb="0"/><line nr="416" mi="2" ci="0" mb="0" cb="0"/><line nr="417" mi="8" ci="0" mb="2" cb="0"/><line nr="419" mi="8" ci="0" mb="0" cb="0"/><line nr="421" mi="5" ci="0" mb="2" cb="0"/><line nr="422" mi="4" ci="0" mb="0" cb="0"/><line nr="424" mi="9" ci="0" mb="0" cb="0"/><line nr="428" mi="0" ci="2" mb="0" cb="0"/><line nr="442" mi="0" ci="2" mb="0" cb="0"/><line nr="444" mi="0" ci="4" mb="0" cb="0"/><line nr="445" mi="0" ci="9" mb="1" cb="1"/><line nr="446" mi="0" ci="2" mb="0" cb="0"/><line nr="447" mi="0" ci="9" mb="0" cb="2"/><line nr="448" mi="0" ci="5" mb="0" cb="2"/><line nr="449" mi="0" ci="1" mb="0" cb="0"/><line nr="450" mi="0" ci="3" mb="0" cb="2"/><line nr="451" mi="0" ci="2" mb="0" cb="0"/><line nr="455" mi="0" ci="4" mb="0" cb="0"/><line nr="456" mi="0" ci="11" mb="0" cb="0"/><line nr="458" mi="2" ci="0" mb="0" cb="0"/><line nr="469" mi="0" ci="3" mb="0" cb="0"/><line nr="470" mi="0" ci="4" mb="0" cb="0"/><line nr="471" mi="0" ci="2" mb="0" cb="0"/><line nr="472" mi="0" ci="2" mb="0" cb="0"/><line nr="478" mi="0" ci="10" mb="1" cb="1"/><line nr="479" mi="8" ci="0" mb="0" cb="0"/><line nr="480" mi="3" ci="0" mb="2" cb="0"/><line nr="481" mi="2" ci="0" mb="0" cb="0"/><line nr="483" mi="2" ci="0" mb="0" cb="0"/><line nr="488" mi="0" ci="7" mb="0" cb="2"/><line nr="489" mi="0" ci="8" mb="0" cb="0"/><line nr="491" mi="0" ci="3" mb="1" cb="1"/><line nr="492" mi="2" ci="0" mb="0" cb="0"/><line nr="493" mi="0" ci="3" mb="1" cb="1"/><line nr="494" mi="1" ci="0" mb="0" cb="0"/><line nr="500" mi="2" ci="5" mb="4" cb="2"/><line nr="501" mi="2" ci="0" mb="0" cb="0"/><line nr="505" mi="0" ci="2" mb="0" cb="0"/><line nr="506" mi="0" ci="2" mb="0" cb="0"/><line nr="508" mi="0" ci="7" mb="0" cb="2"/><line nr="509" mi="0" ci="5" mb="0" cb="0"/><line nr="510" mi="0" ci="14" mb="2" cb="2"/><line nr="511" mi="0" ci="2" mb="0" cb="0"/><line nr="512" mi="0" ci="9" mb="0" cb="2"/><line nr="513" mi="0" ci="7" mb="1" cb="1"/><line nr="514" mi="1" ci="0" mb="0" cb="0"/><line nr="517" mi="0" ci="3" mb="1" cb="1"/><line nr="518" mi="2" ci="0" mb="0" cb="0"/><line nr="519" mi="0" ci="3" mb="1" cb="1"/><line nr="520" mi="1" ci="0" mb="0" cb="0"/><line nr="524" mi="0" ci="8" mb="0" cb="0"/><line nr="538" mi="6" ci="6" mb="9" cb="3"/><line nr="539" mi="3" ci="0" mb="0" cb="0"/><line nr="542" mi="0" ci="2" mb="0" cb="0"/><line nr="543" mi="0" ci="4" mb="0" cb="0"/><line nr="544" mi="0" ci="2" mb="1" cb="1"/><line nr="546" mi="10" ci="0" mb="0" cb="0"/><line nr="548" mi="0" ci="2" mb="1" cb="1"/><line nr="550" mi="13" ci="0" mb="0" cb="0"/><line nr="552" mi="9" ci="0" mb="0" cb="0"/><line nr="555" mi="5" ci="2" mb="3" cb="1"/><line nr="557" mi="15" ci="0" mb="0" cb="0"/><line nr="559" mi="10" ci="0" mb="0" cb="0"/><line nr="561" mi="0" ci="2" mb="1" cb="1"/><line nr="563" mi="15" ci="0" mb="0" cb="0"/><line nr="565" mi="10" ci="0" mb="0" cb="0"/><line nr="568" mi="0" ci="9" mb="0" cb="0"/><line nr="572" mi="0" ci="2" mb="0" cb="0"/><line nr="585" mi="0" ci="3" mb="0" cb="0"/><line nr="586" mi="0" ci="4" mb="0" cb="0"/><line nr="587" mi="0" ci="4" mb="0" cb="0"/><line nr="590" mi="0" ci="10" mb="1" cb="1"/><line nr="591" mi="2" ci="0" mb="0" cb="0"/><line nr="593" mi="7" ci="0" mb="2" cb="0"/><line nr="594" mi="10" ci="0" mb="2" cb="0"/><line nr="595" mi="1" ci="0" mb="0" cb="0"/><line nr="598" mi="4" ci="0" mb="0" cb="0"/><line nr="599" mi="8" ci="0" mb="0" cb="0"/><line nr="601" mi="0" ci="2" mb="0" cb="0"/><line nr="602" mi="0" ci="7" mb="0" cb="2"/><line nr="603" mi="0" ci="2" mb="0" cb="0"/><line nr="604" mi="0" ci="7" mb="0" cb="2"/><line nr="605" mi="0" ci="10" mb="1" cb="1"/><line nr="606" mi="1" ci="0" mb="0" cb="0"/><line nr="609" mi="0" ci="4" mb="0" cb="0"/><line nr="610" mi="0" ci="9" mb="0" cb="0"/><line nr="615" mi="0" ci="2" mb="0" cb="0"/><line nr="626" mi="0" ci="2" mb="0" cb="0"/><line nr="627" mi="0" ci="3" mb="0" cb="0"/><line nr="628" mi="0" ci="4" mb="0" cb="0"/><line nr="629" mi="0" ci="6" mb="0" cb="0"/><line nr="630" mi="0" ci="6" mb="0" cb="0"/><line nr="648" mi="0" ci="20" mb="2" cb="2"/><line nr="649" mi="0" ci="3" mb="0" cb="0"/><line nr="651" mi="0" ci="4" mb="0" cb="0"/><line nr="652" mi="0" ci="4" mb="0" cb="0"/><line nr="654" mi="0" ci="5" mb="0" cb="0"/><line nr="655" mi="0" ci="4" mb="0" cb="0"/><line nr="656" mi="0" ci="4" mb="0" cb="0"/><line nr="658" mi="0" ci="7" mb="0" cb="2"/><line nr="659" mi="0" ci="10" mb="1" cb="1"/><line nr="660" mi="0" ci="8" mb="0" cb="0"/><line nr="663" mi="0" ci="5" mb="1" cb="1"/><line nr="664" mi="0" ci="4" mb="0" cb="0"/><line nr="666" mi="0" ci="8" mb="0" cb="0"/><line nr="669" mi="7" ci="0" mb="2" cb="0"/><line nr="670" mi="3" ci="0" mb="0" cb="0"/><line nr="671" mi="8" ci="0" mb="0" cb="0"/><line nr="672" mi="9" ci="0" mb="0" cb="0"/><line nr="673" mi="4" ci="0" mb="0" cb="0"/><line nr="674" mi="4" ci="0" mb="0" cb="0"/><line nr="675" mi="7" ci="0" mb="2" cb="0"/><line nr="676" mi="2" ci="0" mb="0" cb="0"/><line nr="677" mi="8" ci="0" mb="2" cb="0"/><line nr="679" mi="8" ci="0" mb="0" cb="0"/><line nr="681" mi="5" ci="0" mb="2" cb="0"/><line nr="682" mi="4" ci="0" mb="0" cb="0"/><line nr="684" mi="9" ci="0" mb="0" cb="0"/><line nr="689" mi="0" ci="2" mb="0" cb="0"/><line nr="700" mi="0" ci="3" mb="0" cb="0"/><line nr="703" mi="3" ci="3" mb="3" cb="1"/><line nr="704" mi="0" ci="2" mb="0" cb="0"/><line nr="705" mi="0" ci="3" mb="0" cb="0"/><line nr="708" mi="4" ci="0" mb="0" cb="0"/><line nr="709" mi="8" ci="0" mb="4" cb="0"/><line nr="710" mi="4" ci="0" mb="0" cb="0"/><line nr="711" mi="5" ci="0" mb="0" cb="0"/><line nr="713" mi="4" ci="0" mb="0" cb="0"/><line nr="715" mi="3" ci="0" mb="2" cb="0"/><line nr="716" mi="2" ci="0" mb="0" cb="0"/><line nr="718" mi="3" ci="0" mb="2" cb="0"/><line nr="719" mi="2" ci="0" mb="0" cb="0"/><line nr="722" mi="0" ci="4" mb="0" cb="0"/><line nr="723" mi="0" ci="4" mb="0" cb="0"/><line nr="725" mi="0" ci="2" mb="0" cb="0"/><line nr="738" mi="0" ci="2" mb="0" cb="0"/><line nr="741" mi="0" ci="4" mb="0" cb="0"/><line nr="742" mi="0" ci="9" mb="1" cb="1"/><line nr="743" mi="0" ci="2" mb="0" cb="0"/><line nr="744" mi="0" ci="9" mb="0" cb="2"/><line nr="745" mi="0" ci="5" mb="0" cb="2"/><line nr="746" mi="0" ci="1" mb="0" cb="0"/><line nr="747" mi="0" ci="3" mb="0" cb="2"/><line nr="748" mi="0" ci="2" mb="0" cb="0"/><line nr="752" mi="0" ci="4" mb="0" cb="0"/><line nr="753" mi="0" ci="9" mb="0" cb="0"/><line nr="755" mi="2" ci="0" mb="0" cb="0"/><line nr="766" mi="0" ci="2" mb="0" cb="0"/><line nr="767" mi="0" ci="3" mb="0" cb="0"/><line nr="768" mi="0" ci="4" mb="0" cb="0"/><line nr="769" mi="0" ci="4" mb="0" cb="0"/><line nr="770" mi="0" ci="2" mb="0" cb="0"/><line nr="771" mi="0" ci="2" mb="0" cb="0"/><line nr="772" mi="0" ci="2" mb="0" cb="0"/><line nr="775" mi="0" ci="2" mb="0" cb="0"/><line nr="776" mi="0" ci="2" mb="0" cb="0"/><line nr="779" mi="0" ci="7" mb="1" cb="1"/><line nr="780" mi="0" ci="2" mb="0" cb="0"/><line nr="781" mi="0" ci="2" mb="0" cb="0"/><line nr="783" mi="0" ci="7" mb="1" cb="1"/><line nr="784" mi="0" ci="2" mb="0" cb="0"/><line nr="785" mi="0" ci="2" mb="0" cb="0"/><line nr="788" mi="0" ci="14" mb="3" cb="3"/><line nr="789" mi="0" ci="2" mb="0" cb="0"/><line nr="790" mi="0" ci="2" mb="0" cb="0"/><line nr="793" mi="0" ci="7" mb="0" cb="2"/><line nr="794" mi="0" ci="7" mb="0" cb="2"/><line nr="795" mi="0" ci="2" mb="0" cb="0"/><line nr="796" mi="0" ci="7" mb="1" cb="1"/><line nr="797" mi="0" ci="8" mb="1" cb="1"/><line nr="799" mi="0" ci="1" mb="0" cb="0"/><line nr="802" mi="0" ci="4" mb="0" cb="0"/><line nr="803" mi="0" ci="9" mb="0" cb="0"/><line nr="804" mi="0" ci="2" mb="0" cb="0"/><line nr="807" mi="0" ci="2" mb="0" cb="0"/><line nr="824" mi="0" ci="3" mb="0" cb="0"/><line nr="826" mi="0" ci="3" mb="1" cb="1"/><line nr="827" mi="3" ci="0" mb="0" cb="0"/><line nr="828" mi="3" ci="0" mb="0" cb="0"/><line nr="829" mi="4" ci="0" mb="0" cb="0"/><line nr="834" mi="0" ci="3" mb="0" cb="0"/><line nr="835" mi="0" ci="3" mb="0" cb="0"/><line nr="836" mi="0" ci="3" mb="0" cb="0"/><line nr="838" mi="0" ci="4" mb="0" cb="0"/><line nr="839" mi="0" ci="4" mb="0" cb="0"/><line nr="841" mi="0" ci="2" mb="0" cb="0"/><line nr="848" mi="0" ci="4" mb="0" cb="0"/><line nr="849" mi="0" ci="7" mb="0" cb="2"/><line nr="850" mi="0" ci="5" mb="0" cb="0"/><line nr="851" mi="0" ci="12" mb="0" cb="0"/><line nr="852" mi="0" ci="8" mb="0" cb="0"/><line nr="855" mi="0" ci="11" mb="0" cb="2"/><line nr="856" mi="0" ci="2" mb="0" cb="0"/><line nr="858" mi="0" ci="7" mb="0" cb="2"/><line nr="859" mi="0" ci="10" mb="1" cb="1"/><line nr="860" mi="1" ci="0" mb="0" cb="0"/><line nr="865" mi="0" ci="9" mb="0" cb="0"/><line nr="868" mi="0" ci="7" mb="0" cb="0"/><line nr="869" mi="0" ci="11" mb="0" cb="0"/><line nr="873" mi="0" ci="7" mb="0" cb="0"/><line nr="874" mi="0" ci="11" mb="0" cb="0"/><line nr="878" mi="0" ci="7" mb="0" cb="0"/><line nr="879" mi="0" ci="11" mb="0" cb="0"/><line nr="881" mi="0" ci="1" mb="0" cb="0"/><line nr="883" mi="0" ci="1" mb="0" cb="0"/><line nr="894" mi="0" ci="3" mb="0" cb="0"/><line nr="896" mi="0" ci="3" mb="1" cb="1"/><line nr="897" mi="2" ci="0" mb="0" cb="0"/><line nr="899" mi="0" ci="2" mb="0" cb="0"/><line nr="900" mi="0" ci="4" mb="0" cb="0"/><line nr="901" mi="0" ci="4" mb="0" cb="0"/><line nr="903" mi="0" ci="2" mb="0" cb="0"/><line nr="908" mi="0" ci="4" mb="0" cb="0"/><line nr="910" mi="0" ci="7" mb="0" cb="2"/><line nr="911" mi="0" ci="5" mb="0" cb="0"/><line nr="912" mi="0" ci="12" mb="0" cb="0"/><line nr="913" mi="0" ci="8" mb="0" cb="0"/><line nr="916" mi="0" ci="11" mb="0" cb="2"/><line nr="919" mi="0" ci="2" mb="0" cb="0"/><line nr="920" mi="0" ci="7" mb="0" cb="2"/><line nr="921" mi="0" ci="10" mb="1" cb="1"/><line nr="922" mi="0" ci="1" mb="0" cb="0"/><line nr="926" mi="0" ci="7" mb="0" cb="0"/><line nr="929" mi="0" ci="9" mb="0" cb="0"/><line nr="931" mi="0" ci="7" mb="0" cb="2"/><line nr="932" mi="0" ci="18" mb="0" cb="0"/><line nr="935" mi="0" ci="1" mb="0" cb="0"/><line nr="937" mi="0" ci="2" mb="0" cb="0"/><line nr="942" mi="0" ci="3" mb="0" cb="0"/><line nr="944" mi="0" ci="3" mb="1" cb="1"/><line nr="945" mi="2" ci="0" mb="0" cb="0"/><line nr="947" mi="0" ci="2" mb="0" cb="0"/><line nr="948" mi="0" ci="4" mb="0" cb="0"/><line nr="949" mi="0" ci="4" mb="0" cb="0"/><line nr="955" mi="0" ci="3" mb="0" cb="0"/><line nr="957" mi="0" ci="7" mb="0" cb="2"/><line nr="958" mi="0" ci="8" mb="0" cb="0"/><line nr="960" mi="0" ci="5" mb="1" cb="1"/><line nr="961" mi="4" ci="0" mb="0" cb="0"/><line nr="966" mi="0" ci="2" mb="0" cb="0"/><line nr="970" mi="0" ci="2" mb="0" cb="0"/><line nr="974" mi="0" ci="2" mb="0" cb="0"/><line nr="978" mi="0" ci="2" mb="0" cb="0"/><line nr="996" mi="0" ci="4" mb="0" cb="0"/><line nr="998" mi="0" ci="5" mb="1" cb="1"/><line nr="999" mi="0" ci="4" mb="0" cb="0"/><line nr="1000" mi="10" ci="0" mb="4" cb="0"/><line nr="1001" mi="4" ci="0" mb="0" cb="0"/><line nr="1002" mi="5" ci="0" mb="2" cb="0"/><line nr="1003" mi="3" ci="0" mb="0" cb="0"/><line nr="1007" mi="0" ci="2" mb="0" cb="0"/><line nr="1029" mi="0" ci="2" mb="0" cb="2"/><line nr="1030" mi="0" ci="3" mb="0" cb="0"/><line nr="1031" mi="0" ci="3" mb="0" cb="2"/><line nr="1032" mi="0" ci="3" mb="0" cb="0"/><line nr="1034" mi="0" ci="5" mb="0" cb="0"/><line nr="1035" mi="0" ci="5" mb="0" cb="0"/><line nr="1036" mi="0" ci="9" mb="0" cb="0"/><line nr="1038" mi="0" ci="8" mb="0" cb="0"/><line nr="1041" mi="0" ci="2" mb="0" cb="0"/><line nr="1056" mi="4" ci="0" mb="0" cb="0"/><line nr="1058" mi="6" ci="0" mb="0" cb="0"/><line nr="1059" mi="5" ci="0" mb="0" cb="0"/><line nr="1061" mi="17" ci="0" mb="0" cb="0"/><line nr="1077" mi="2" ci="0" mb="0" cb="0"/><line nr="1082" mi="5" ci="0" mb="4" cb="0"/><line nr="1084" mi="7" ci="0" mb="2" cb="0"/><line nr="1086" mi="7" ci="0" mb="2" cb="0"/><line nr="1088" mi="2" ci="0" mb="0" cb="0"/><line nr="1089" mi="2" ci="0" mb="0" cb="0"/><line nr="1091" mi="7" ci="0" mb="2" cb="0"/><line nr="1093" mi="5" ci="0" mb="4" cb="0"/><line nr="1094" mi="8" ci="0" mb="0" cb="0"/><line nr="1095" mi="2" ci="0" mb="0" cb="0"/><line nr="1097" mi="10" ci="0" mb="0" cb="0"/><line nr="1098" mi="1" ci="0" mb="0" cb="0"/><line nr="1105" mi="5" ci="0" mb="0" cb="0"/><line nr="1107" mi="2" ci="0" mb="2" cb="0"/><line nr="1113" mi="2" ci="0" mb="0" cb="0"/><counter type="INSTRUCTION" missed="634" covered="1369"/><counter type="BRANCH" missed="123" covered="123"/><counter type="LINE" missed="130" covered="279"/><counter type="COMPLEXITY" missed="105" covered="61"/><counter type="METHOD" missed="19" covered="24"/><counter type="CLASS" missed="0" covered="1"/></sourcefile><counter type="INSTRUCTION" missed="678" covered="1397"/><counter type="BRANCH" missed="131" covered="126"/><counter type="LINE" missed="147" covered="290"/><counter type="COMPLEXITY" missed="115" covered="67"/><counter type="METHOD" missed="22" covered="29"/><counter type="CLASS" missed="0" covered="2"/></package><package name="com/pokerhelper/application/services"><class name="com/pokerhelper/application/services/PokerCalculatorService$PokerCalculationException" sourcefilename="PokerCalculatorService.java"><method name="&lt;init&gt;" desc="(Ljava/lang/String;Ljava/lang/Throwable;)V" line="101"><counter type="INSTRUCTION" missed="5" covered="0"/><counter type="LINE" missed="2" covered="0"/><counter type="COMPLEXITY" missed="1" covered="0"/><counter type="METHOD" missed="1" covered="0"/></method><counter type="INSTRUCTION" missed="5" covered="0"/><counter type="LINE" missed="2" covered="0"/><counter type="COMPLEXITY" missed="1" covered="0"/><counter type="METHOD" missed="1" covered="0"/><counter type="CLASS" missed="1" covered="0"/></class><class name="com/pokerhelper/application/services/PokerCalculatorService" sourcefilename="PokerCalculatorService.java"><method name="&lt;init&gt;" desc="(Lcom/pokerhelper/infrastructure/adapters/legacy/LegacyPokerCalculatorAdapter;)V" line="22"><counter type="INSTRUCTION" missed="6" covered="0"/><counter type="LINE" missed="3" covered="0"/><counter type="COMPLEXITY" missed="1" covered="0"/><counter type="METHOD" missed="1" covered="0"/></method><method name="calculateProbabilities" desc="(Ljava/util/List;Ljava/util/List;III)Lcom/pokerhelper/domain/model/PokerProbabilities;" line="34"><counter type="INSTRUCTION" missed="51" covered="0"/><counter type="LINE" missed="9" covered="0"/><counter type="COMPLEXITY" missed="1" covered="0"/><counter type="METHOD" missed="1" covered="0"/></method><method name="makeDecision" desc="(Ljava/util/List;Ljava/util/List;III)Lcom/pokerhelper/domain/model/Decision;" line="62"><counter type="INSTRUCTION" missed="53" covered="0"/><counter type="LINE" missed="9" covered="0"/><counter type="COMPLEXITY" missed="1" covered="0"/><counter type="METHOD" missed="1" covered="0"/></method><method name="combineCards" desc="(Ljava/util/List;Ljava/util/List;)Ljava/util/List;" line="83"><counter type="INSTRUCTION" missed="38" covered="0"/><counter type="BRANCH" missed="8" covered="0"/><counter type="LINE" missed="9" covered="0"/><counter type="COMPLEXITY" missed="5" covered="0"/><counter type="METHOD" missed="1" covered="0"/></method><method name="&lt;clinit&gt;" desc="()V" line="18"><counter type="INSTRUCTION" missed="4" covered="0"/><counter type="LINE" missed="1" covered="0"/><counter type="COMPLEXITY" missed="1" covered="0"/><counter type="METHOD" missed="1" covered="0"/></method><counter type="INSTRUCTION" missed="152" covered="0"/><counter type="BRANCH" missed="8" covered="0"/><counter type="LINE" missed="31" covered="0"/><counter type="COMPLEXITY" missed="9" covered="0"/><counter type="METHOD" missed="5" covered="0"/><counter type="CLASS" missed="1" covered="0"/></class><class name="com/pokerhelper/application/services/CalculoDeProbabilidades" sourcefilename="CalculoDeProbabilidades.java"><method name="&lt;init&gt;" desc="()V" line="13"><counter type="INSTRUCTION" missed="18" covered="0"/><counter type="LINE" missed="6" covered="0"/><counter type="COMPLEXITY" missed="1" covered="0"/><counter type="METHOD" missed="1" covered="0"/></method><method name="reiniciarDatos" desc="(Ljava/util/List;III)V" line="64"><counter type="INSTRUCTION" missed="81" covered="0"/><counter type="LINE" missed="16" covered="0"/><counter type="COMPLEXITY" missed="1" covered="0"/><counter type="METHOD" missed="1" covered="0"/></method><method name="getProbPareja" desc="()D" line="125"><counter type="INSTRUCTION" missed="3" covered="0"/><counter type="LINE" missed="1" covered="0"/><counter type="COMPLEXITY" missed="1" covered="0"/><counter type="METHOD" missed="1" covered="0"/></method><method name="getProbTrio" desc="()D" line="129"><counter type="INSTRUCTION" missed="3" covered="0"/><counter type="LINE" missed="1" covered="0"/><counter type="COMPLEXITY" missed="1" covered="0"/><counter type="METHOD" missed="1" covered="0"/></method><method name="getProbEscalera" desc="()D" line="133"><counter type="INSTRUCTION" missed="3" covered="0"/><counter type="LINE" missed="1" covered="0"/><counter type="COMPLEXITY" missed="1" covered="0"/><counter type="METHOD" missed="1" covered="0"/></method><method name="getProbColor" desc="()D" line="137"><counter type="INSTRUCTION" missed="3" covered="0"/><counter type="LINE" missed="1" covered="0"/><counter type="COMPLEXITY" missed="1" covered="0"/><counter type="METHOD" missed="1" covered="0"/></method><method name="getProbFullHouse" desc="()D" line="141"><counter type="INSTRUCTION" missed="3" covered="0"/><counter type="LINE" missed="1" covered="0"/><counter type="COMPLEXITY" missed="1" covered="0"/><counter type="METHOD" missed="1" covered="0"/></method><method name="getProbPoker" desc="()D" line="145"><counter type="INSTRUCTION" missed="3" covered="0"/><counter type="LINE" missed="1" covered="0"/><counter type="COMPLEXITY" missed="1" covered="0"/><counter type="METHOD" missed="1" covered="0"/></method><method name="getProbEscaleraColor" desc="()D" line="149"><counter type="INSTRUCTION" missed="3" covered="0"/><counter type="LINE" missed="1" covered="0"/><counter type="COMPLEXITY" missed="1" covered="0"/><counter type="METHOD" missed="1" covered="0"/></method><method name="getProbEscaleraReal" desc="()D" line="153"><counter type="INSTRUCTION" missed="3" covered="0"/><counter type="LINE" missed="1" covered="0"/><counter type="COMPLEXITY" missed="1" covered="0"/><counter type="METHOD" missed="1" covered="0"/></method><method name="getProbParejaCont" desc="()D" line="158"><counter type="INSTRUCTION" missed="3" covered="0"/><counter type="LINE" missed="1" covered="0"/><counter type="COMPLEXITY" missed="1" covered="0"/><counter type="METHOD" missed="1" covered="0"/></method><method name="getProbTrioCont" desc="()D" line="162"><counter type="INSTRUCTION" missed="3" covered="0"/><counter type="LINE" missed="1" covered="0"/><counter type="COMPLEXITY" missed="1" covered="0"/><counter type="METHOD" missed="1" covered="0"/></method><method name="getProbColorCont" desc="()D" line="166"><counter type="INSTRUCTION" missed="3" covered="0"/><counter type="LINE" missed="1" covered="0"/><counter type="COMPLEXITY" missed="1" covered="0"/><counter type="METHOD" missed="1" covered="0"/></method><method name="getProbEscaleraCont" desc="()D" line="170"><counter type="INSTRUCTION" missed="3" covered="0"/><counter type="LINE" missed="1" covered="0"/><counter type="COMPLEXITY" missed="1" covered="0"/><counter type="METHOD" missed="1" covered="0"/></method><method name="getProbFullHouseCont" desc="()D" line="174"><counter type="INSTRUCTION" missed="3" covered="0"/><counter type="LINE" missed="1" covered="0"/><counter type="COMPLEXITY" missed="1" covered="0"/><counter type="METHOD" missed="1" covered="0"/></method><method name="getProbPokerCont" desc="()D" line="179"><counter type="INSTRUCTION" missed="3" covered="0"/><counter type="LINE" missed="1" covered="0"/><counter type="COMPLEXITY" missed="1" covered="0"/><counter type="METHOD" missed="1" covered="0"/></method><method name="getProbEscaleraColorCont" desc="()D" line="183"><counter type="INSTRUCTION" missed="3" covered="0"/><counter type="LINE" missed="1" covered="0"/><counter type="COMPLEXITY" missed="1" covered="0"/><counter type="METHOD" missed="1" covered="0"/></method><method name="getProbEscaleraRealCont" desc="()D" line="187"><counter type="INSTRUCTION" missed="3" covered="0"/><counter type="LINE" missed="1" covered="0"/><counter type="COMPLEXITY" missed="1" covered="0"/><counter type="METHOD" missed="1" covered="0"/></method><method name="getDecision" desc="()Lcom/pokerhelper/domain/model/Decision;" line="191"><counter type="INSTRUCTION" missed="3" covered="0"/><counter type="LINE" missed="1" covered="0"/><counter type="COMPLEXITY" missed="1" covered="0"/><counter type="METHOD" missed="1" covered="0"/></method><method name="setDecision" desc="(Lcom/pokerhelper/domain/model/Decision;)V" line="195"><counter type="INSTRUCTION" missed="4" covered="0"/><counter type="LINE" missed="2" covered="0"/><counter type="COMPLEXITY" missed="1" covered="0"/><counter type="METHOD" missed="1" covered="0"/></method><method name="C" desc="(II)I" line="208"><counter type="INSTRUCTION" missed="55" covered="0"/><counter type="BRANCH" missed="14" covered="0"/><counter type="LINE" missed="11" covered="0"/><counter type="COMPLEXITY" missed="8" covered="0"/><counter type="METHOD" missed="1" covered="0"/></method><method name="completarPareja" desc="(Ljava/util/List;)D" line="242"><counter type="INSTRUCTION" missed="70" covered="0"/><counter type="BRANCH" missed="10" covered="0"/><counter type="LINE" missed="14" covered="0"/><counter type="COMPLEXITY" missed="6" covered="0"/><counter type="METHOD" missed="1" covered="0"/></method><method name="completarTrio" desc="(Ljava/util/List;)D" line="281"><counter type="INSTRUCTION" missed="105" covered="0"/><counter type="BRANCH" missed="12" covered="0"/><counter type="LINE" missed="21" covered="0"/><counter type="COMPLEXITY" missed="7" covered="0"/><counter type="METHOD" missed="1" covered="0"/></method><method name="completarColor" desc="(Ljava/util/List;)D" line="328"><counter type="INSTRUCTION" missed="102" covered="0"/><counter type="BRANCH" missed="12" covered="0"/><counter type="LINE" missed="20" covered="0"/><counter type="COMPLEXITY" missed="7" covered="0"/><counter type="METHOD" missed="1" covered="0"/></method><method name="completarEscalera" desc="(Ljava/util/List;)D" line="369"><counter type="INSTRUCTION" missed="167" covered="0"/><counter type="BRANCH" missed="14" covered="0"/><counter type="LINE" missed="31" covered="0"/><counter type="COMPLEXITY" missed="8" covered="0"/><counter type="METHOD" missed="1" covered="0"/></method><method name="probCompletarEscalera" desc="([IIII)D" line="443"><counter type="INSTRUCTION" missed="54" covered="0"/><counter type="BRANCH" missed="8" covered="0"/><counter type="LINE" missed="12" covered="0"/><counter type="COMPLEXITY" missed="5" covered="0"/><counter type="METHOD" missed="1" covered="0"/></method><method name="completarFullHouse" desc="(Ljava/util/List;)D" line="470"><counter type="INSTRUCTION" missed="135" covered="0"/><counter type="BRANCH" missed="30" covered="0"/><counter type="LINE" missed="31" covered="0"/><counter type="COMPLEXITY" missed="16" covered="0"/><counter type="METHOD" missed="1" covered="0"/></method><method name="probCompletarFullHouse" desc="(IIIII)D" line="539"><counter type="INSTRUCTION" missed="127" covered="0"/><counter type="BRANCH" missed="22" covered="0"/><counter type="LINE" missed="17" covered="0"/><counter type="COMPLEXITY" missed="12" covered="0"/><counter type="METHOD" missed="1" covered="0"/></method><method name="completarPoker" desc="(Ljava/util/List;)D" line="586"><counter type="INSTRUCTION" missed="97" covered="0"/><counter type="BRANCH" missed="12" covered="0"/><counter type="LINE" missed="19" covered="0"/><counter type="COMPLEXITY" missed="7" covered="0"/><counter type="METHOD" missed="1" covered="0"/></method><method name="completarEscaleraColor" desc="(Ljava/util/List;)D" line="627"><counter type="INSTRUCTION" missed="187" covered="0"/><counter type="BRANCH" missed="18" covered="0"/><counter type="LINE" missed="32" covered="0"/><counter type="COMPLEXITY" missed="10" covered="0"/><counter type="METHOD" missed="1" covered="0"/></method><method name="encontrarFronterasEscaleras" desc="(II)[I" line="701"><counter type="INSTRUCTION" missed="59" covered="0"/><counter type="BRANCH" missed="12" covered="0"/><counter type="LINE" missed="16" covered="0"/><counter type="COMPLEXITY" missed="7" covered="0"/><counter type="METHOD" missed="1" covered="0"/></method><method name="probCompletarEscaleraColor" desc="([IIII)D" line="739"><counter type="INSTRUCTION" missed="52" covered="0"/><counter type="BRANCH" missed="8" covered="0"/><counter type="LINE" missed="12" covered="0"/><counter type="COMPLEXITY" missed="5" covered="0"/><counter type="METHOD" missed="1" covered="0"/></method><method name="completarEscaleraReal" desc="(Ljava/util/List;)D" line="767"><counter type="INSTRUCTION" missed="112" covered="0"/><counter type="BRANCH" missed="18" covered="0"/><counter type="LINE" missed="28" covered="0"/><counter type="COMPLEXITY" missed="10" covered="0"/><counter type="METHOD" missed="1" covered="0"/></method><method name="completarParejaTrioPokerCont" desc="(Ljava/util/List;I)V" line="825"><counter type="INSTRUCTION" missed="167" covered="0"/><counter type="BRANCH" missed="10" covered="0"/><counter type="LINE" missed="30" covered="0"/><counter type="COMPLEXITY" missed="6" covered="0"/><counter type="METHOD" missed="1" covered="0"/></method><method name="completarColorCont" desc="(Ljava/util/List;I)D" line="895"><counter type="INSTRUCTION" missed="131" covered="0"/><counter type="BRANCH" missed="12" covered="0"/><counter type="LINE" missed="23" covered="0"/><counter type="COMPLEXITY" missed="7" covered="0"/><counter type="METHOD" missed="1" covered="0"/></method><method name="completarEscaleraCont" desc="(Ljava/util/List;I)D" line="943"><counter type="INSTRUCTION" missed="47" covered="0"/><counter type="BRANCH" missed="6" covered="0"/><counter type="LINE" missed="12" covered="0"/><counter type="COMPLEXITY" missed="4" covered="0"/><counter type="METHOD" missed="1" covered="0"/></method><method name="completarFullHouseCont" desc="(Ljava/util/List;I)D" line="971"><counter type="INSTRUCTION" missed="2" covered="0"/><counter type="LINE" missed="1" covered="0"/><counter type="COMPLEXITY" missed="1" covered="0"/><counter type="METHOD" missed="1" covered="0"/></method><method name="completarEscaleraColorCont" desc="(Ljava/util/List;I)D" line="975"><counter type="INSTRUCTION" missed="2" covered="0"/><counter type="LINE" missed="1" covered="0"/><counter type="COMPLEXITY" missed="1" covered="0"/><counter type="METHOD" missed="1" covered="0"/></method><method name="completarEscaleraRealCont" desc="(Ljava/util/List;I)D" line="979"><counter type="INSTRUCTION" missed="2" covered="0"/><counter type="LINE" missed="1" covered="0"/><counter type="COMPLEXITY" missed="1" covered="0"/><counter type="METHOD" missed="1" covered="0"/></method><method name="calcularDecision" desc="(II)Lcom/pokerhelper/domain/model/Decision;" line="999"><counter type="INSTRUCTION" missed="49" covered="0"/><counter type="BRANCH" missed="8" covered="0"/><counter type="LINE" missed="8" covered="0"/><counter type="COMPLEXITY" missed="5" covered="0"/><counter type="METHOD" missed="1" covered="0"/></method><method name="distribucionHiperGeometrica" desc="(IIII)D" line="1031"><counter type="INSTRUCTION" missed="40" covered="0"/><counter type="BRANCH" missed="4" covered="0"/><counter type="LINE" missed="9" covered="0"/><counter type="COMPLEXITY" missed="3" covered="0"/><counter type="METHOD" missed="1" covered="0"/></method><method name="distribucionBinomial" desc="(II)D" line="1058"><counter type="INSTRUCTION" missed="32" covered="0"/><counter type="LINE" missed="4" covered="0"/><counter type="COMPLEXITY" missed="1" covered="0"/><counter type="METHOD" missed="1" covered="0"/></method><method name="probabilidadComplementaria" desc="(IIII)D" line="1079"><counter type="INSTRUCTION" missed="67" covered="0"/><counter type="BRANCH" missed="16" covered="0"/><counter type="LINE" missed="15" covered="0"/><counter type="COMPLEXITY" missed="9" covered="0"/><counter type="METHOD" missed="1" covered="0"/></method><counter type="INSTRUCTION" missed="2015" covered="0"/><counter type="BRANCH" missed="246" covered="0"/><counter type="LINE" missed="409" covered="0"/><counter type="COMPLEXITY" missed="166" covered="0"/><counter type="METHOD" missed="43" covered="0"/><counter type="CLASS" missed="1" covered="0"/></class><sourcefile name="CalculoDeProbabilidades.java"><line nr="13" mi="2" ci="0" mb="0" cb="0"/><line nr="43" mi="3" ci="0" mb="0" cb="0"/><line nr="47" mi="3" ci="0" mb="0" cb="0"/><line nr="48" mi="3" ci="0" mb="0" cb="0"/><line nr="49" mi="3" ci="0" mb="0" cb="0"/><line nr="53" mi="4" ci="0" mb="0" cb="0"/><line nr="64" mi="5" ci="0" mb="0" cb="0"/><lin
[...]
/><counter type="METHOD" missed="0" covered="1"/></method><method name="masAltaQue" desc="(Lcom/app/service/domain/model/Carta;)Z" line="44"><counter type="INSTRUCTION" missed="9" covered="0"/><counter type="BRANCH" missed="2" covered="0"/><counter type="LINE" missed="1" covered="0"/><counter type="COMPLEXITY" missed="2" covered="0"/><counter type="METHOD" missed="1" covered="0"/></method><method name="mismoPaloQue" desc="(Lcom/app/service/domain/model/Carta;)Z" line="53"><counter type="INSTRUCTION" missed="1" covered="8"/><counter type="BRANCH" missed="1" covered="1"/><counter type="LINE" missed="0" covered="1"/><counter type="COMPLEXITY" missed="1" covered="1"/><counter type="METHOD" missed="0" covered="1"/></method><method name="mismoNumeroQue" desc="(Lcom/app/service/domain/model/Carta;)Z" line="62"><counter type="INSTRUCTION" missed="2" covered="7"/><counter type="BRANCH" missed="1" covered="1"/><counter type="LINE" missed="0" covered="1"/><counter type="COMPLEXITY" missed="1" covered="1"/><counter type="METHOD" missed="0" covered="1"/></method><method name="puedenHacerEscalera" desc="(Lcom/app/service/domain/model/Carta;)Z" line="71"><counter type="INSTRUCTION" missed="8" covered="35"/><counter type="BRANCH" missed="8" covered="6"/><counter type="LINE" missed="1" covered="6"/><counter type="COMPLEXITY" missed="7" covered="1"/><counter type="METHOD" missed="0" covered="1"/></method><method name="hashCode" desc="()I" line="86"><counter type="INSTRUCTION" missed="16" covered="0"/><counter type="LINE" missed="1" covered="0"/><counter type="COMPLEXITY" missed="1" covered="0"/><counter type="METHOD" missed="1" covered="0"/></method><method name="equals" desc="(Ljava/lang/Object;)Z" line="91"><counter type="INSTRUCTION" missed="33" covered="0"/><counter type="BRANCH" missed="10" covered="0"/><counter type="LINE" missed="8" covered="0"/><counter type="COMPLEXITY" missed="6" covered="0"/><counter type="METHOD" missed="1" covered="0"/></method><method name="hay_N_CartasRepetidasMismoNumero" desc="(Ljava/util/List;I)I" line="110"><counter type="INSTRUCTION" missed="43" covered="0"/><counter type="BRANCH" missed="4" covered="0"/><counter type="LINE" missed="9" covered="0"/><counter type="COMPLEXITY" missed="3" covered="0"/><counter type="METHOD" missed="1" covered="0"/></method><method name="hay_N_CartasRepetidasMismoNumeroMesa" desc="(Ljava/util/List;I)I" line="127"><counter type="INSTRUCTION" missed="43" covered="0"/><counter type="BRANCH" missed="4" covered="0"/><counter type="LINE" missed="8" covered="0"/><counter type="COMPLEXITY" missed="3" covered="0"/><counter type="METHOD" missed="1" covered="0"/></method><method name="vecesQueSeSaleEsteNumero" desc="(Ljava/util/List;I)I" line="150"><counter type="INSTRUCTION" missed="0" covered="43"/><counter type="BRANCH" missed="0" covered="2"/><counter type="LINE" missed="0" covered="7"/><counter type="COMPLEXITY" missed="0" covered="2"/><counter type="METHOD" missed="0" covered="1"/></method><counter type="INSTRUCTION" missed="155" covered="113"/><counter type="BRANCH" missed="30" covered="12"/><counter type="LINE" missed="28" covered="23"/><counter type="COMPLEXITY" missed="24" covered="9"/><counter type="METHOD" missed="5" covered="7"/><counter type="CLASS" missed="0" covered="1"/></class><sourcefile name="Carta.java"><line nr="14" mi="0" ci="2" mb="0" cb="0"/><line nr="15" mi="0" ci="3" mb="0" cb="0"/><line nr="16" mi="0" ci="3" mb="0" cb="2"/><line nr="17" mi="0" ci="2" mb="0" cb="0"/><line nr="19" mi="0" ci="3" mb="0" cb="0"/><line nr="20" mi="0" ci="1" mb="0" cb="0"/><line nr="27" mi="0" ci="3" mb="0" cb="0"/><line nr="35" mi="0" ci="3" mb="0" cb="0"/><line nr="44" mi="9" ci="0" mb="2" cb="0"/><line nr="53" mi="1" ci="8" mb="1" cb="1"/><line nr="62" mi="2" ci="7" mb="1" cb="1"/><line nr="71" mi="0" ci="2" mb="0" cb="0"/><line nr="72" mi="0" ci="4" mb="1" cb="1"/><line nr="73" mi="4" ci="12" mb="5" cb="3"/><line nr="74" mi="3" ci="0" mb="0" cb="0"/><line nr="76" mi="0" ci="6" mb="0" cb="0"/><line nr="77" mi="1" ci="9" mb="2" cb="2"/><line nr="81" mi="0" ci="2" mb="0" cb="0"/><line nr="86" mi="16" ci="0" mb="0" cb="0"/><line nr="91" mi="3" ci="0" mb="2" cb="0"/><line nr="92" mi="2" ci="0" mb="0" cb="0"/><line nr="93" mi="2" ci="0" mb="2" cb="0"/><line nr="94" mi="2" ci="0" mb="0" cb="0"/><line nr="95" mi="5" ci="0" mb="2" cb="0"/><line nr="96" mi="2" ci="0" mb="0" cb="0"/><line nr="97" mi="3" ci="0" mb="0" cb="0"/><line nr="98" mi="14" ci="0" mb="4" cb="0"/><line nr="110" mi="4" ci="0" mb="0" cb="0"/><line nr="112" mi="10" ci="0" mb="2" cb="0"/><line nr="113" mi="3" ci="0" mb="0" cb="0"/><line nr="114" mi="11" ci="0" mb="0" cb="0"/><line nr="115" mi="3" ci="0" mb="2" cb="0"/><line nr="116" mi="2" ci="0" mb="0" cb="0"/><line nr="118" mi="7" ci="0" mb="0" cb="0"/><line nr="119" mi="1" ci="0" mb="0" cb="0"/><line nr="122" mi="2" ci="0" mb="0" cb="0"/><line nr="127" mi="4" ci="0" mb="0" cb="0"/><line nr="129" mi="8" ci="0" mb="2" cb="0"/><line nr="130" mi="6" ci="0" mb="0" cb="0"/><line nr="131" mi="11" ci="0" mb="0" cb="0"/><line nr="132" mi="3" ci="0" mb="2" cb="0"/><line nr="133" mi="2" ci="0" mb="0" cb="0"/><line nr="135" mi="7" ci="0" mb="0" cb="0"/><line nr="139" mi="2" ci="0" mb="0" cb="0"/><line nr="150" mi="0" ci="4" mb="0" cb="0"/><line nr="152" mi="0" ci="10" mb="0" cb="2"/><line nr="153" mi="0" ci="3" mb="0" cb="0"/><line nr="154" mi="0" ci="11" mb="0" cb="0"/><line nr="155" mi="0" ci="7" mb="0" cb="0"/><line nr="156" mi="0" ci="1" mb="0" cb="0"/><line nr="158" mi="0" ci="7" mb="0" cb="0"/><counter type="INSTRUCTION" missed="155" covered="113"/><counter type="BRANCH" missed="30" covered="12"/><counter type="LINE" missed="28" covered="23"/><counter type="COMPLEXITY" missed="24" covered="9"/><counter type="METHOD" missed="5" covered="7"/><counter type="CLASS" missed="0" covered="1"/></sourcefile><counter type="INSTRUCTION" missed="155" covered="113"/><counter type="BRANCH" missed="30" covered="12"/><counter type="LINE" missed="28" covered="23"/><counter type="COMPLEXITY" missed="24" covered="9"/><counter type="METHOD" missed="5" covered="7"/><counter type="CLASS" missed="0" covered="1"/></package><package name="com/pokerhelper"><class name="com/pokerhelper/PokerHelperApplication" sourcefilename="PokerHelperApplication.java"><method name="&lt;init&gt;" desc="()V" line="15"><counter type="INSTRUCTION" missed="3" covered="0"/><counter type="LINE" missed="1" covered="0"/><counter type="COMPLEXITY" missed="1" covered="0"/><counter type="METHOD" missed="1" covered="0"/></method><method name="main" desc="([Ljava/lang/String;)V" line="21"><counter type="INSTRUCTION" missed="52" covered="0"/><counter type="LINE" missed="13" covered="0"/><counter type="COMPLEXITY" missed="1" covered="0"/><counter type="METHOD" missed="1" covered="0"/></method><method name="configureRoutes" desc="(Lio/javalin/Javalin;Lcom/pokerhelper/infrastructure/config/ApplicationConfig;)V" line="51"><counter type="INSTRUCTION" missed="25" covered="0"/><counter type="LINE" missed="6" covered="0"/><counter type="COMPLEXITY" missed="1" covered="0"/><counter type="METHOD" missed="1" covered="0"/></method><method name="getPort" desc="([Ljava/lang/String;)I" line="79"><counter type="INSTRUCTION" missed="19" covered="0"/><counter type="BRANCH" missed="2" covered="0"/><counter type="LINE" missed="5" covered="0"/><counter type="COMPLEXITY" missed="2" covered="0"/><counter type="METHOD" missed="1" covered="0"/></method><method name="lambda$configureRoutes$4" desc="(Lio/javalin/http/Context;)V" line="74"><counter type="INSTRUCTION" missed="9" covered="0"/><counter type="LINE" missed="2" covered="0"/><counter type="COMPLEXITY" missed="1" covered="0"/><counter type="METHOD" missed="1" covered="0"/></method><method name="lambda$configureRoutes$3" desc="(Ljava/lang/Exception;Lio/javalin/http/Context;)V" line="69"><counter type="INSTRUCTION" missed="16" covered="0"/><counter type="LINE" missed="3" covered="0"/><counter type="COMPLEXITY" missed="1" covered="0"/><counter type="METHOD" missed="1" covered="0"/></method><method name="lambda$configureRoutes$2" desc="(Lio/javalin/http/Context;)V" line="57"><counter type="INSTRUCTION" missed="10" covered="0"/><counter type="LINE" missed="2" covered="0"/><counter type="COMPLEXITY" missed="1" covered="0"/><counter type="METHOD" missed="1" covered="0"/></method><method name="lambda$configureRoutes$1" desc="(Lio/javalin/http/Context;)V" line="52"><counter type="INSTRUCTION" missed="9" covered="0"/><counter type="LINE" missed="2" covered="0"/><counter type="COMPLEXITY" missed="1" covered="0"/><counter type="METHOD" missed="1" covered="0"/></method><method name="lambda$main$0" desc="(Lcom/fasterxml/jackson/databind/ObjectMapper;Lio/javalin/config/JavalinConfig;)V" line="32"><counter type="INSTRUCTION" missed="10" covered="0"/><counter type="LINE" missed="3" covered="0"/><counter type="COMPLEXITY" missed="1" covered="0"/><counter type="METHOD" missed="1" covered="0"/></method><method name="&lt;clinit&gt;" desc="()V" line="17"><counter type="INSTRUCTION" missed="4" covered="0"/><counter type="LINE" missed="1" covered="0"/><counter type="COMPLEXITY" missed="1" covered="0"/><counter type="METHOD" missed="1" covered="0"/></method><counter type="INSTRUCTION" missed="157" covered="0"/><counter type="BRANCH" missed="2" covered="0"/><counter type="LINE" missed="38" covered="0"/><counter type="COMPLEXITY" missed="11" covered="0"/><counter type="METHOD" missed="10" covered="0"/><counter type="CLASS" missed="1" covered="0"/></class><class name="com/pokerhelper/PokerHelperApplication$ApiInfo" sourcefilename="PokerHelperApplication.java"><method name="&lt;init&gt;" desc="(Ljava/lang/String;Ljava/lang/String;Ljava/lang/String;)V" line="105"><counter type="INSTRUCTION" missed="12" covered="0"/><counter type="LINE" missed="5" covered="0"/><counter type="COMPLEXITY" missed="1" covered="0"/><counter type="METHOD" missed="1" covered="0"/></method><counter type="INSTRUCTION" missed="12" covered="0"/><counter type="LINE" missed="5" covered="0"/><counter type="COMPLEXITY" missed="1" covered="0"/><counter type="METHOD" missed="1" covered="0"/><counter type="CLASS" missed="1" covered="0"/></class><class name="com/pokerhelper/PokerHelperApplication$HealthResponse" sourcefilename="PokerHelperApplication.java"><method name="&lt;init&gt;" desc="(Ljava/lang/String;Ljava/lang/String;)V" line="94"><counter type="INSTRUCTION" missed="9" covered="0"/><counter type="LINE" missed="4" covered="0"/><counter type="COMPLEXITY" missed="1" covered="0"/><counter type="METHOD" missed="1" covered="0"/></method><counter type="INSTRUCTION" missed="9" covered="0"/><counter type="LINE" missed="4" covered="0"/><counter type="COMPLEXITY" missed="1" covered="0"/><counter type="METHOD" missed="1" covered="0"/><counter type="CLASS" missed="1" covered="0"/></class><class name="com/pokerhelper/PokerHelperApplication$ErrorResponse" sourcefilename="PokerHelperApplication.java"><method name="&lt;init&gt;" desc="(Ljava/lang/String;Ljava/lang/String;)V" line="116"><counter type="INSTRUCTION" missed="9" covered="0"/><counter type="LINE" missed="4" covered="0"/><counter type="COMPLEXITY" missed="1" covered="0"/><counter type="METHOD" missed="1" covered="0"/></method><counter type="INSTRUCTION" missed="9" covered="0"/><counter type="LINE" missed="4" covered="0"/><counter type="COMPLEXITY" missed="1" covered="0"/><counter type="METHOD" missed="1" covered="0"/><counter type="CLASS" missed="1" covered="0"/></class><sourcefile name="PokerHelperApplication.java"><line nr="15" mi="3" ci="0" mb="0" cb="0"/><line nr="17" mi="4" ci="0" mb="0" cb="0"/><line nr="21" mi="3" ci="0" mb="0" cb="0"/><line nr="24" mi="4" ci="0" mb="0" cb="0"/><line nr="27" mi="4" ci="0" mb="0" cb="0"/><line nr="28" mi="6" ci="0" mb="0" cb="0"/><line nr="31" mi="4" ci="0" mb="0" cb="0"/><line nr="32" mi="6" ci="0" mb="0" cb="0"/><line nr="33" mi="3" ci="0" mb="0" cb="0"/><line nr="34" mi="1" ci="0" mb="0" cb="0"/><line nr="37" mi="3" ci="0" mb="0" cb="0"/><line nr="40" mi="3" ci="0" mb="0" cb="0"/><line nr="41" mi="4" ci="0" mb="0" cb="0"/><line nr="43" mi="5" ci="0" mb="0" cb="0"/><line nr="44" mi="5" ci="0" mb="0" cb="0"/><line nr="45" mi="5" ci="0" mb="0" cb="0"/><line nr="46" mi="5" ci="0" mb="0" cb="0"/><line nr="47" mi="1" ci="0" mb="0" cb="0"/><line nr="51" mi="5" ci="0" mb="0" cb="0"/><line nr="52" mi="8" ci="0" mb="0" cb="0"/><line nr="53" mi="1" ci="0" mb="0" cb="0"/><line nr="56" mi="5" ci="0" mb="0" cb="0"/><line nr="57" mi="9" ci="0" mb="0" cb="0"/><line nr="62" mi="1" ci="0" mb="0" cb="0"/><line nr="65" mi="4" ci="0" mb="0" cb="0"/><line nr="68" mi="5" ci="0" mb="0" cb="0"/><line nr="69" mi="4" ci="0" mb="0" cb="0"/><line nr="70" mi="11" ci="0" mb="0" cb="0"/><line nr="71" mi="1" ci="0" mb="0" cb="0"/><line nr="73" mi="5" ci="0" mb="0" cb="0"/><line nr="74" mi="8" ci="0" mb="0" cb="0"/><line nr="75" mi="1" ci="0" mb="0" cb="0"/><line nr="76" mi="1" ci="0" mb="0" cb="0"/><line nr="79" mi="3" ci="0" mb="2" cb="0"/><line nr="81" mi="5" ci="0" mb="0" cb="0"/><line nr="82" mi="1" ci="0" mb="0" cb="0"/><line nr="83" mi="8" ci="0" mb="0" cb="0"/><line nr="86" mi="2" ci="0" mb="0" cb="0"/><line nr="94" mi="2" ci="0" mb="0" cb="0"/><line nr="95" mi="3" ci="0" mb="0" cb="0"/><line nr="96" mi="3" ci="0" mb="0" cb="0"/><line nr="97" mi="1" ci="0" mb="0" cb="0"/><line nr="105" mi="2" ci="0" mb="0" cb="0"/><line nr="106" mi="3" ci="0" mb="0" cb="0"/><line nr="107" mi="3" ci="0" mb="0" cb="0"/><line nr="108" mi="3" ci="0" mb="0" cb="0"/><line nr="109" mi="1" ci="0" mb="0" cb="0"/><line nr="116" mi="2" ci="0" mb="0" cb="0"/><line nr="117" mi="3" ci="0" mb="0" cb="0"/><line nr="118" mi="3" ci="0" mb="0" cb="0"/><line nr="119" mi="1" ci="0" mb="0" cb="0"/><counter type="INSTRUCTION" missed="187" covered="0"/><counter type="BRANCH" missed="2" covered="0"/><counter type="LINE" missed="51" covered="0"/><counter type="COMPLEXITY" missed="14" covered="0"/><counter type="METHOD" missed="13" covered="0"/><counter type="CLASS" missed="4" covered="0"/></sourcefile><counter type="INSTRUCTION" missed="187" covered="0"/><counter type="BRANCH" missed="2" covered="0"/><counter type="LINE" missed="51" covered="0"/><counter type="COMPLEXITY" missed="14" covered="0"/><counter type="METHOD" missed="13" covered="0"/><counter type="CLASS" missed="4" covered="0"/></package><package name="com/pokerhelper/infrastructure/config"><class name="com/pokerhelper/infrastructure/config/ApplicationConfig" sourcefilename="ApplicationConfig.java"><method name="&lt;init&gt;" desc="()V" line="26"><counter type="INSTRUCTION" missed="41" covered="0"/><counter type="LINE" missed="9" covered="0"/><counter type="COMPLEXITY" missed="1" covered="0"/><counter type="METHOD" missed="1" covered="0"/></method><method name="getValidator" desc="()Ljakarta/validation/Validator;" line="48"><counter type="INSTRUCTION" missed="3" covered="0"/><counter type="LINE" missed="1" covered="0"/><counter type="COMPLEXITY" missed="1" covered="0"/><counter type="METHOD" missed="1" covered="0"/></method><method name="getPokerDtoMapper" desc="()Lcom/pokerhelper/infrastructure/mappers/PokerDtoMapper;" line="52"><counter type="INSTRUCTION" missed="3" covered="0"/><counter type="LINE" missed="1" covered="0"/><counter type="COMPLEXITY" missed="1" covered="0"/><counter type="METHOD" missed="1" covered="0"/></method><method name="getLegacyAdapter" desc="()Lcom/pokerhelper/infrastructure/adapters/legacy/LegacyPokerCalculatorAdapter;" line="56"><counter type="INSTRUCTION" missed="3" covered="0"/><counter type="LINE" missed="1" covered="0"/><counter type="COMPLEXITY" missed="1" covered="0"/><counter type="METHOD" missed="1" covered="0"/></method><method name="getPokerCalculatorUseCases" desc="()Lcom/pokerhelper/application/ports/input/PokerCalculatorUseCases;" line="60"><counter type="INSTRUCTION" missed="3" covered="0"/><counter type="LINE" missed="1" covered="0"/><counter type="COMPLEXITY" missed="1" covered="0"/><counter type="METHOD" missed="1" covered="0"/></method><method name="getPokerHttpAdapter" desc="()Lcom/pokerhelper/infrastructure/adapters/input/http/PokerHttpAdapter;" line="64"><counter type="INSTRUCTION" missed="3" covered="0"/><counter type="LINE" missed="1" covered="0"/><counter type="COMPLEXITY" missed="1" covered="0"/><counter type="METHOD" missed="1" covered="0"/></method><method name="&lt;clinit&gt;" desc="()V" line="18"><counter type="INSTRUCTION" missed="4" covered="0"/><counter type="LINE" missed="1" covered="0"/><counter type="COMPLEXITY" missed="1" covered="0"/><counter type="METHOD" missed="1" covered="0"/></method><counter type="INSTRUCTION" missed="60" covered="0"/><counter type="LINE" missed="15" covered="0"/><counter type="COMPLEXITY" missed="7" covered="0"/><counter type="METHOD" missed="7" covered="0"/><counter type="CLASS" missed="1" covered="0"/></class><sourcefile name="ApplicationConfig.java"><line nr="18" mi="4" ci="0" mb="0" cb="0"/><line nr="26" mi="2" ci="0" mb="0" cb="0"/><line nr="27" mi="3" ci="0" mb="0" cb="0"/><line nr="30" mi="4" ci="0" mb="0" cb="0"/><line nr="33" mi="5" ci="0" mb="0" cb="0"/><line nr="36" mi="5" ci="0" mb="0" cb="0"/><line nr="39" mi="7" ci="0" mb="0" cb="0"/><line nr="42" mi="11" ci="0" mb="0" cb="0"/><line nr="44" mi="3" ci="0" mb="0" cb="0"/><line nr="45" mi="1" ci="0" mb="0" cb="0"/><line nr="48" mi="3" ci="0" mb="0" cb="0"/><line nr="52" mi="3" ci="0" mb="0" cb="0"/><line nr="56" mi="3" ci="0" mb="0" cb="0"/><line nr="60" mi="3" ci="0" mb="0" cb="0"/><line nr="64" mi="3" ci="0" mb="0" cb="0"/><counter type="INSTRUCTION" missed="60" covered="0"/><counter type="LINE" missed="15" covered="0"/><counter type="COMPLEXITY" missed="7" covered="0"/><counter type="METHOD" missed="7" covered="0"/><counter type="CLASS" missed="1" covered="0"/></sourcefile><counter type="INSTRUCTION" missed="60" covered="0"/><counter type="LINE" missed="15" covered="0"/><counter type="COMPLEXITY" missed="7" covered="0"/><counter type="METHOD" missed="7" covered="0"/><counter type="CLASS" missed="1" covered="0"/></package><package name="com/app/service/utils"><class name="com/app/service/utils/PokerException" sourcefilename="PokerException.java"><method name="&lt;init&gt;" desc="(Ljava/lang/String;)V" line="12"><counter type="INSTRUCTION" missed="4" covered="0"/><counter type="LINE" missed="2" covered="0"/><counter type="COMPLEXITY" missed="1" covered="0"/><counter type="METHOD" missed="1" covered="0"/></method><method name="&lt;init&gt;" desc="()V" line="16"><counter type="INSTRUCTION" missed="3" covered="0"/><counter type="LINE" missed="2" covered="0"/><counter type="COMPLEXITY" missed="1" covered="0"/><counter type="METHOD" missed="1" covered="0"/></method><counter type="INSTRUCTION" missed="7" covered="0"/><counter type="LINE" missed="4" covered="0"/><counter type="COMPLEXITY" missed="2" covered="0"/><counter type="METHOD" missed="2" covered="0"/><counter type="CLASS" missed="1" covered="0"/></class><sourcefile name="PokerException.java"><line nr="12" mi="3" ci="0" mb="0" cb="0"/><line nr="13" mi="1" ci="0" mb="0" cb="0"/><line nr="16" mi="2" ci="0" mb="0" cb="0"/><line nr="17" mi="1" ci="0" mb="0" cb="0"/><counter type="INSTRUCTION" missed="7" covered="0"/><counter type="LINE" missed="4" covered="0"/><counter type="COMPLEXITY" missed="2" covered="0"/><counter type="METHOD" missed="2" covered="0"/><counter type="CLASS" missed="1" covered="0"/></sourcefile><counter type="INSTRUCTION" missed="7" covered="0"/><counter type="LINE" missed="4" covered="0"/><counter type="COMPLEXITY" missed="2" covered="0"/><counter type="METHOD" missed="2" covered="0"/><counter type="CLASS" missed="1" covered="0"/></package><counter type="INSTRUCTION" missed="4065" covered="1672"/><counter type="BRANCH" missed="466" covered="143"/><counter type="LINE" missed="903" covered="361"/><counter type="COMPLEXITY" missed="431" covered="95"/><counter type="METHOD" missed="161" covered="53"/><counter type="CLASS" missed="18" covered="9"/></report>