<?xml version="1.0" encoding="UTF-8"?>
<testsuite xmlns:xsi="http://www.w3.org/2001/XMLSchema-instance" xsi:noNamespaceSchemaLocation="https://maven.apache.org/surefire/maven-surefire-plugin/xsd/surefire-test-report-3.0.xsd" version="3.0" name="com.pokerhelper.infrastructure.dto.PokerCalculationRequestTest" time="0.058" tests="7" errors="0" skipped="0" failures="0">
  <properties>
[...]
</properties>
  <testcase name="shouldFailValidationWhenPocketCardsAreNull" classname="com.pokerhelper.infrastructure.dto.PokerCalculationRequestTest" time="0.01"/>
  <testcase name="shouldUseDefaultValuesForNullFields" classname="com.pokerhelper.infrastructure.dto.PokerCalculationRequestTest" time="0.007"/>
  <testcase name="shouldFailValidationWhenOpponentsIsNegative" classname="com.pokerhelper.infrastructure.dto.PokerCalculationRequestTest" time="0.007"/>
  <testcase name="shouldFailValidationWhenCommunityCardsExceedFiveCards" classname="com.pokerhelper.infrastructure.dto.PokerCalculationRequestTest" time="0.007"/>
  <testcase name="shouldFailValidationWhenPocketCardsExceedTwoCards" classname="com.pokerhelper.infrastructure.dto.PokerCalculationRequestTest" time="0.007"/>
  <testcase name="shouldPassValidationWithValidData" classname="com.pokerhelper.infrastructure.dto.PokerCalculationRequestTest" time="0.006"/>
  <testcase name="shouldFailValidationWhenPocketCardsLessThanTwoCards" classname="com.pokerhelper.infrastructure.dto.PokerCalculationRequestTest" time="0.006"/>
</testsuite>